#
# There is insufficient memory for the Java Runtime Environment to continue.
# Native memory allocation (mmap) failed to map 53477376 bytes for G1 virtual space
# Possible reasons:
#   The system is out of physical RAM or swap space
#   The process is running with CompressedOops enabled, and the Java Heap may be blocking the growth of the native heap
# Possible solutions:
#   Reduce memory load on the system
#   Increase physical memory or swap space
#   Check if swap backing store is full
#   Decrease Java heap size (-Xmx/-Xms)
#   Decrease number of Java threads
#   Decrease Java thread stack sizes (-Xss)
#   Set larger code cache with -XX:ReservedCodeCacheSize=
#   JVM is running with Unscaled Compressed Oops mode in which the Java heap is
#     placed in the first 4GB address space. The Java Heap base address is the
#     maximum limit for the native heap growth. Please use -XX:HeapBaseMinAddress
#     to set the Java Heap base and to place the Java Heap above 4GB virtual address.
# This output file may be truncated or incomplete.
#
#  Out of Memory Error (os_windows.cpp:3466), pid=10528, tid=11680
#
# JRE version: OpenJDK Runtime Environment (16.0.1+9) (build 16.0.1+9-24)
# Java VM: OpenJDK 64-Bit Server VM (16.0.1+9-24, mixed mode, tiered, compressed oops, compressed class ptrs, g1 gc, windows-amd64)
# No core dump will be written. Minidumps are not enabled by default on client versions of Windows
#

---------------  S U M M A R Y ------------

Command Line: -Dcom.sun.management.jmxremote -Dcom.sun.management.jmxremote.port=55230 -Dcom.sun.management.jmxremote.authenticate=false -Dcom.sun.management.jmxremote.ssl=false -Djava.rmi.server.hostname=localhost -Dspring.jmx.enabled=true -Dspring.application.admin.enabled=true -XX:TieredStopAtLevel=1 -Dspring.boot.project.name=BancoAPIVespertino -Dfile.encoding=UTF-8 -XX:+ShowCodeDetailsInExceptionMessages com.example.demo.BancoApiApplication --spring.output.ansi.enabled=always

Host: Intel(R) Core(TM) i5-7200U CPU @ 2.50GHz, 4 cores, 7G,  Windows 10 , 64 bit Build 19041 (10.0.19041.1151)
Time: Wed Aug 18 14:43:06 2021 Hora Padrão da Bahia elapsed time: 5.342891 seconds (0d 0h 0m 5s)

---------------  T H R E A D  ---------------

Current thread (0x000001a94d59f110):  VMThread "VM Thread" [stack: 0x0000002adf300000,0x0000002adf400000] [id=11680]

Stack: [0x0000002adf300000,0x0000002adf400000]
Native frames: (J=compiled Java code, j=interpreted, Vv=VM code, C=native code)
V  [jvm.dll+0x6687ca]
V  [jvm.dll+0x7ca3c9]
V  [jvm.dll+0x7cbb53]
V  [jvm.dll+0x7cc1b3]
V  [jvm.dll+0x242ea5]
V  [jvm.dll+0x665589]
V  [jvm.dll+0x65a175]
V  [jvm.dll+0x2fc5ab]
V  [jvm.dll+0x3037a6]
V  [jvm.dll+0x352fee]
V  [jvm.dll+0x35321f]
V  [jvm.dll+0x2d3618]
V  [jvm.dll+0x2d11a5]
V  [jvm.dll+0x2d07dc]
V  [jvm.dll+0x3158c2]
V  [jvm.dll+0x7d05eb]
V  [jvm.dll+0x7d12e4]
V  [jvm.dll+0x7d17e9]
V  [jvm.dll+0x7d1aa4]
V  [jvm.dll+0x7d1b70]
V  [jvm.dll+0x779b4a]
V  [jvm.dll+0x667666]
C  [ucrtbase.dll+0x21bb2]
C  [KERNEL32.DLL+0x17034]
C  [ntdll.dll+0x52651]

VM_Operation (0x0000002ae0bf13c0): G1CollectForAllocation, mode: safepoint, requested by thread 0x000001a94faad070


---------------  P R O C E S S  ---------------

Threads class SMR info:
_java_thread_list=0x000001a951e97730, length=21, elements={
0x000001a934006300, 0x000001a94d5b4250, 0x000001a94d5b5a40, 0x000001a94d5e4290,
0x000001a94e009080, 0x000001a94e00d8f0, 0x000001a94e011ea0, 0x000001a94e012f50,
0x000001a94e016050, 0x000001a94d523040, 0x000001a94e265470, 0x000001a94ea4ec80,
0x000001a94ea51200, 0x000001a94e937690, 0x000001a94fa8d040, 0x000001a94fadbe10,
0x000001a94eaca020, 0x000001a94eacad60, 0x000001a94fb41c00, 0x000001a94faad070,
0x000001a94faa9b50
}

Java Threads: ( => current thread )
  0x000001a934006300 JavaThread "main" [_thread_blocked, id=6164, stack(0x0000002aded00000,0x0000002adee00000)]
  0x000001a94d5b4250 JavaThread "Reference Handler" daemon [_thread_blocked, id=12584, stack(0x0000002adf400000,0x0000002adf500000)]
  0x000001a94d5b5a40 JavaThread "Finalizer" daemon [_thread_blocked, id=11436, stack(0x0000002adf500000,0x0000002adf600000)]
  0x000001a94d5e4290 JavaThread "Signal Dispatcher" daemon [_thread_blocked, id=2804, stack(0x0000002adf600000,0x0000002adf700000)]
  0x000001a94e009080 JavaThread "Attach Listener" daemon [_thread_blocked, id=13592, stack(0x0000002adf700000,0x0000002adf800000)]
  0x000001a94e00d8f0 JavaThread "Service Thread" daemon [_thread_blocked, id=9908, stack(0x0000002adf800000,0x0000002adf900000)]
  0x000001a94e011ea0 JavaThread "Monitor Deflation Thread" daemon [_thread_blocked, id=13980, stack(0x0000002adf900000,0x0000002adfa00000)]
  0x000001a94e012f50 JavaThread "C1 CompilerThread0" daemon [_thread_blocked, id=7396, stack(0x0000002adfa00000,0x0000002adfb00000)]
  0x000001a94e016050 JavaThread "Sweeper thread" daemon [_thread_blocked, id=3568, stack(0x0000002adfb00000,0x0000002adfc00000)]
  0x000001a94d523040 JavaThread "Common-Cleaner" daemon [_thread_blocked, id=5024, stack(0x0000002adfc00000,0x0000002adfd00000)]
  0x000001a94e265470 JavaThread "Notification Thread" daemon [_thread_blocked, id=1520, stack(0x0000002adfd00000,0x0000002adfe00000)]
  0x000001a94ea4ec80 JavaThread "RMI TCP Accept-0" daemon [_thread_in_native, id=1360, stack(0x0000002adfe00000,0x0000002adff00000)]
  0x000001a94ea51200 JavaThread "RMI TCP Accept-55230" daemon [_thread_in_native, id=2188, stack(0x0000002adff00000,0x0000002ae0000000)]
  0x000001a94e937690 JavaThread "RMI TCP Accept-0" daemon [_thread_in_native, id=10016, stack(0x0000002ae0400000,0x0000002ae0500000)]
  0x000001a94fa8d040 JavaThread "RMI TCP Connection(1)-127.0.0.1" daemon [_thread_in_native, id=3764, stack(0x0000002ae0600000,0x0000002ae0700000)]
  0x000001a94fadbe10 JavaThread "RMI Scheduler(0)" daemon [_thread_blocked, id=12416, stack(0x0000002ae0700000,0x0000002ae0800000)]
  0x000001a94eaca020 JavaThread "RMI TCP Connection(2)-127.0.0.1" daemon [_thread_blocked, id=6468, stack(0x0000002ae0800000,0x0000002ae0900000)]
  0x000001a94eacad60 JavaThread "JMX server connection timeout 22" daemon [_thread_blocked, id=11608, stack(0x0000002ae0900000,0x0000002ae0a00000)]
  0x000001a94fb41c00 JavaThread "Thread-0" [_thread_blocked, id=13492, stack(0x0000002ae0a00000,0x0000002ae0b00000)]
  0x000001a94faad070 JavaThread "restartedMain" [_thread_blocked, id=4544, stack(0x0000002ae0b00000,0x0000002ae0c00000)]
  0x000001a94faa9b50 JavaThread "mysql-cj-abandoned-connection-cleanup" daemon [_thread_blocked, id=10684, stack(0x0000002ae0c00000,0x0000002ae0d00000)]

Other Threads:
=>0x000001a94d59f110 VMThread "VM Thread" [stack: 0x0000002adf300000,0x0000002adf400000] [id=11680]
  0x000001a94ea41900 WatcherThread [stack: 0x0000002ae0500000,0x0000002ae0600000] [id=10976]
  0x000001a934047100 GCTaskThread "GC Thread#0" [stack: 0x0000002adee00000,0x0000002adef00000] [id=12524]
  0x000001a94ea5bba0 GCTaskThread "GC Thread#1" [stack: 0x0000002ae0000000,0x0000002ae0100000] [id=9384]
  0x000001a94ea5beb0 GCTaskThread "GC Thread#2" [stack: 0x0000002ae0100000,0x0000002ae0200000] [id=3700]
  0x000001a94ea42a60 GCTaskThread "GC Thread#3" [stack: 0x0000002ae0200000,0x0000002ae0300000] [id=6160]
  0x000001a934057ed0 ConcurrentGCThread "G1 Main Marker" [stack: 0x0000002adef00000,0x0000002adf000000] [id=10700]
  0x000001a9340591b0 ConcurrentGCThread "G1 Conc#0" [stack: 0x0000002adf000000,0x0000002adf100000] [id=6740]
  0x000001a9340c0900 ConcurrentGCThread "G1 Refine#0" [stack: 0x0000002adf100000,0x0000002adf200000] [id=9340]
  0x000001a94ea5c1c0 ConcurrentGCThread "G1 Refine#1" [stack: 0x0000002ae0300000,0x0000002ae0400000] [id=10492]
  0x000001a94d400480 ConcurrentGCThread "G1 Service" [stack: 0x0000002adf200000,0x0000002adf300000] [id=4988]

Threads with active compile tasks:

VM state: at safepoint (normal execution)

VM Mutex/Monitor currently owned by a thread:  ([mutex/lock_event])
[0x000001a934000f60] Threads_lock - owner thread: 0x000001a94d59f110
[0x000001a9340020d0] Heap_lock - owner thread: 0x000001a94faad070

Heap address: 0x0000000081400000, size: 2028 MB, Compressed Oops mode: 32-bit

CDS disabled.
Compressed class space mapped at: 0x0000000100000000-0x0000000140000000, reserved size: 1073741824
Narrow klass base: 0x0000000000000000, Narrow klass shift: 3, Narrow klass range: 0x140000000

GC Precious Log:
 CPUs: 4 total, 4 available
 Memory: 8105M
 Large Page Support: Disabled
 NUMA Support: Disabled
 Compressed Oops: Enabled (32-bit)
 Heap Region Size: 1M
 Heap Min Capacity: 8M
 Heap Initial Capacity: 128M
 Heap Max Capacity: 2028M
 Pre-touch: Disabled
 Parallel Workers: 4
 Concurrent Workers: 1
 Concurrent Refinement Workers: 4
 Periodic GC: Disabled

Heap:
 garbage-first heap   total 78848K, used 21360K [0x0000000081400000, 0x0000000100000000)
  region size 1024K, 3 young (3072K), 3 survivors (3072K)
 Metaspace       used 39832K, committed 40192K, reserved 1089536K
  class space    used 5103K, committed 5248K, reserved 1048576K

Heap Regions: E=young(eden), S=young(survivor), O=old, HS=humongous(starts), HC=humongous(continues), CS=collection set, F=free, OA=open archive, CA=closed archive, TAMS=top-at-mark-start (previous, next)
|   0|0x0000000081400000, 0x0000000081500000, 0x0000000081500000|100%|HS|  |TAMS 0x0000000081500000, 0x0000000081400000| Complete 
|   1|0x0000000081500000, 0x0000000081600000, 0x0000000081600000|100%| O|  |TAMS 0x0000000081600000, 0x0000000081500000| Untracked 
|   2|0x0000000081600000, 0x0000000081700000, 0x0000000081700000|100%| O|  |TAMS 0x0000000081700000, 0x0000000081600000| Untracked 
|   3|0x0000000081700000, 0x0000000081800000, 0x0000000081800000|100%| O|  |TAMS 0x0000000081800000, 0x0000000081700000| Untracked 
|   4|0x0000000081800000, 0x0000000081900000, 0x0000000081900000|100%| O|  |TAMS 0x0000000081900000, 0x0000000081800000| Untracked 
|   5|0x0000000081900000, 0x0000000081a00000, 0x0000000081a00000|100%| O|  |TAMS 0x0000000081a00000, 0x0000000081900000| Untracked 
|   6|0x0000000081a00000, 0x0000000081b00000, 0x0000000081b00000|100%| O|  |TAMS 0x0000000081b00000, 0x0000000081a00000| Untracked 
|   7|0x0000000081b00000, 0x0000000081bece00, 0x0000000081c00000| 92%| O|  |TAMS 0x0000000081bece00, 0x0000000081b00000| Untracked 
|   8|0x0000000081c00000, 0x0000000081d00000, 0x0000000081d00000|100%| O|  |TAMS 0x0000000081d00000, 0x0000000081c00000| Untracked 
|   9|0x0000000081d00000, 0x0000000081e00000, 0x0000000081e00000|100%| O|  |TAMS 0x0000000081e00000, 0x0000000081d00000| Untracked 
|  10|0x0000000081e00000, 0x0000000081f00000, 0x0000000081f00000|100%| O|  |TAMS 0x0000000081f00000, 0x0000000081e00000| Untracked 
|  11|0x0000000081f00000, 0x0000000082000000, 0x0000000082000000|100%| O|  |TAMS 0x0000000082000000, 0x0000000081f00000| Untracked 
|  12|0x0000000082000000, 0x0000000082100000, 0x0000000082100000|100%| O|  |TAMS 0x0000000082100000, 0x0000000082000000| Untracked 
|  13|0x0000000082100000, 0x0000000082200000, 0x0000000082200000|100%| O|  |TAMS 0x0000000082184000, 0x0000000082100000| Untracked 
|  14|0x0000000082200000, 0x0000000082300000, 0x0000000082300000|100%| O|  |TAMS 0x0000000082200000, 0x0000000082200000| Untracked 
|  15|0x0000000082300000, 0x0000000082400000, 0x0000000082400000|100%| O|  |TAMS 0x0000000082300000, 0x0000000082300000| Untracked 
|  16|0x0000000082400000, 0x0000000082500000, 0x0000000082500000|100%| O|  |TAMS 0x0000000082400000, 0x0000000082400000| Untracked 
|  17|0x0000000082500000, 0x0000000082600000, 0x0000000082600000|100%| O|  |TAMS 0x0000000082500000, 0x0000000082500000| Untracked 
|  18|0x0000000082600000, 0x000000008261e200, 0x0000000082700000| 11%| O|  |TAMS 0x0000000082600000, 0x0000000082600000| Untracked 
|  19|0x0000000082700000, 0x0000000082700000, 0x0000000082800000|  0%| F|  |TAMS 0x0000000082700000, 0x0000000082700000| Untracked 
|  20|0x0000000082800000, 0x0000000082800000, 0x0000000082900000|  0%| F|  |TAMS 0x0000000082800000, 0x0000000082800000| Untracked 
|  21|0x0000000082900000, 0x0000000082900000, 0x0000000082a00000|  0%| F|  |TAMS 0x0000000082900000, 0x0000000082900000| Untracked 
|  22|0x0000000082a00000, 0x0000000082a00000, 0x0000000082b00000|  0%| F|  |TAMS 0x0000000082a00000, 0x0000000082a00000| Untracked 
|  23|0x0000000082b00000, 0x0000000082b00000, 0x0000000082c00000|  0%| F|  |TAMS 0x0000000082b00000, 0x0000000082b00000| Untracked 
|  24|0x0000000082c00000, 0x0000000082c00000, 0x0000000082d00000|  0%| F|  |TAMS 0x0000000082c00000, 0x0000000082c00000| Untracked 
|  25|0x0000000082d00000, 0x0000000082d00000, 0x0000000082e00000|  0%| F|  |TAMS 0x0000000082d00000, 0x0000000082d00000| Untracked 
|  26|0x0000000082e00000, 0x0000000082e00000, 0x0000000082f00000|  0%| F|  |TAMS 0x0000000082e00000, 0x0000000082e00000| Untracked 
|  27|0x0000000082f00000, 0x0000000082fd1100, 0x0000000083000000| 81%| S|CS|TAMS 0x0000000082f00000, 0x0000000082f00000| Complete 
|  28|0x0000000083000000, 0x0000000083100000, 0x0000000083100000|100%| S|CS|TAMS 0x0000000083000000, 0x0000000083000000| Complete 
|  29|0x0000000083100000, 0x0000000083100000, 0x0000000083200000|  0%| F|  |TAMS 0x0000000083100000, 0x0000000083100000| Untracked 
|  30|0x0000000083200000, 0x0000000083300000, 0x0000000083300000|100%| S|CS|TAMS 0x0000000083200000, 0x0000000083200000| Complete 
|  31|0x0000000083300000, 0x0000000083300000, 0x0000000083400000|  0%| F|  |TAMS 0x0000000083300000, 0x0000000083300000| Untracked 
|  32|0x0000000083400000, 0x0000000083400000, 0x0000000083500000|  0%| F|  |TAMS 0x0000000083400000, 0x0000000083400000| Untracked 
|  33|0x0000000083500000, 0x0000000083500000, 0x0000000083600000|  0%| F|  |TAMS 0x0000000083500000, 0x0000000083500000| Untracked 
|  34|0x0000000083600000, 0x0000000083600000, 0x0000000083700000|  0%| F|  |TAMS 0x0000000083600000, 0x0000000083600000| Untracked 
|  35|0x0000000083700000, 0x0000000083700000, 0x0000000083800000|  0%| F|  |TAMS 0x0000000083700000, 0x0000000083700000| Untracked 
|  36|0x0000000083800000, 0x0000000083800000, 0x0000000083900000|  0%| F|  |TAMS 0x0000000083800000, 0x0000000083800000| Untracked 
|  37|0x0000000083900000, 0x0000000083900000, 0x0000000083a00000|  0%| F|  |TAMS 0x0000000083900000, 0x0000000083900000| Untracked 
|  38|0x0000000083a00000, 0x0000000083a00000, 0x0000000083b00000|  0%| F|  |TAMS 0x0000000083a00000, 0x0000000083a00000| Untracked 
|  39|0x0000000083b00000, 0x0000000083b00000, 0x0000000083c00000|  0%| F|  |TAMS 0x0000000083b00000, 0x0000000083b00000| Untracked 
|  40|0x0000000083c00000, 0x0000000083c00000, 0x0000000083d00000|  0%| F|  |TAMS 0x0000000083c00000, 0x0000000083c00000| Untracked 
|  41|0x0000000083d00000, 0x0000000083d00000, 0x0000000083e00000|  0%| F|  |TAMS 0x0000000083d00000, 0x0000000083d00000| Untracked 
|  42|0x0000000083e00000, 0x0000000083e00000, 0x0000000083f00000|  0%| F|  |TAMS 0x0000000083e00000, 0x0000000083e00000| Untracked 
|  43|0x0000000083f00000, 0x0000000083f00000, 0x0000000084000000|  0%| F|  |TAMS 0x0000000083f00000, 0x0000000083f00000| Untracked 
|  44|0x0000000084000000, 0x0000000084000000, 0x0000000084100000|  0%| F|  |TAMS 0x0000000084000000, 0x0000000084000000| Untracked 
|  45|0x0000000084100000, 0x0000000084100000, 0x0000000084200000|  0%| F|  |TAMS 0x0000000084100000, 0x0000000084100000| Untracked 
|  46|0x0000000084200000, 0x0000000084200000, 0x0000000084300000|  0%| F|  |TAMS 0x0000000084200000, 0x0000000084200000| Untracked 
|  47|0x0000000084300000, 0x0000000084300000, 0x0000000084400000|  0%| F|  |TAMS 0x0000000084300000, 0x0000000084300000| Untracked 
|  48|0x0000000084400000, 0x0000000084400000, 0x0000000084500000|  0%| F|  |TAMS 0x0000000084400000, 0x0000000084400000| Untracked 
|  49|0x0000000084500000, 0x0000000084500000, 0x0000000084600000|  0%| F|  |TAMS 0x0000000084500000, 0x0000000084500000| Untracked 
|  50|0x0000000084600000, 0x0000000084600000, 0x0000000084700000|  0%| F|  |TAMS 0x0000000084600000, 0x0000000084600000| Untracked 
|  51|0x0000000084700000, 0x0000000084700000, 0x0000000084800000|  0%| F|  |TAMS 0x0000000084700000, 0x0000000084700000| Untracked 
|  52|0x0000000084800000, 0x0000000084800000, 0x0000000084900000|  0%| F|  |TAMS 0x0000000084800000, 0x0000000084800000| Untracked 
|  53|0x0000000084900000, 0x0000000084900000, 0x0000000084a00000|  0%| F|  |TAMS 0x0000000084900000, 0x0000000084900000| Untracked 
|  54|0x0000000084a00000, 0x0000000084a00000, 0x0000000084b00000|  0%| F|  |TAMS 0x0000000084a00000, 0x0000000084a00000| Untracked 
|  55|0x0000000084b00000, 0x0000000084b00000, 0x0000000084c00000|  0%| F|  |TAMS 0x0000000084b00000, 0x0000000084b00000| Untracked 
|  56|0x0000000084c00000, 0x0000000084c00000, 0x0000000084d00000|  0%| F|  |TAMS 0x0000000084c00000, 0x0000000084c00000| Untracked 
|  57|0x0000000084d00000, 0x0000000084d00000, 0x0000000084e00000|  0%| F|  |TAMS 0x0000000084d00000, 0x0000000084d00000| Untracked 
|  58|0x0000000084e00000, 0x0000000084e00000, 0x0000000084f00000|  0%| F|  |TAMS 0x0000000084e00000, 0x0000000084e00000| Untracked 
|  59|0x0000000084f00000, 0x0000000084f00000, 0x0000000085000000|  0%| F|  |TAMS 0x0000000084f00000, 0x0000000084f00000| Untracked 
|  60|0x0000000085000000, 0x0000000085000000, 0x0000000085100000|  0%| F|  |TAMS 0x0000000085000000, 0x0000000085000000| Untracked 
|  61|0x0000000085100000, 0x0000000085100000, 0x0000000085200000|  0%| F|  |TAMS 0x0000000085100000, 0x0000000085100000| Untracked 
|  62|0x0000000085200000, 0x0000000085200000, 0x0000000085300000|  0%| F|  |TAMS 0x0000000085200000, 0x0000000085200000| Untracked 
|  63|0x0000000085300000, 0x0000000085300000, 0x0000000085400000|  0%| F|  |TAMS 0x0000000085300000, 0x0000000085300000| Untracked 
|  64|0x0000000085400000, 0x0000000085400000, 0x0000000085500000|  0%| F|  |TAMS 0x0000000085400000, 0x0000000085400000| Untracked 
|  65|0x0000000085500000, 0x0000000085500000, 0x0000000085600000|  0%| F|  |TAMS 0x0000000085500000, 0x0000000085500000| Untracked 
|  66|0x0000000085600000, 0x0000000085600000, 0x0000000085700000|  0%| F|  |TAMS 0x0000000085600000, 0x0000000085600000| Untracked 
|  67|0x0000000085700000, 0x0000000085700000, 0x0000000085800000|  0%| F|  |TAMS 0x0000000085700000, 0x0000000085700000| Untracked 
|  68|0x0000000085800000, 0x0000000085800000, 0x0000000085900000|  0%| F|  |TAMS 0x0000000085800000, 0x0000000085800000| Untracked 
|  69|0x0000000085900000, 0x0000000085900000, 0x0000000085a00000|  0%| F|  |TAMS 0x0000000085900000, 0x0000000085900000| Untracked 
|  70|0x0000000085a00000, 0x0000000085a00000, 0x0000000085b00000|  0%| F|  |TAMS 0x0000000085a00000, 0x0000000085a00000| Untracked 
|  71|0x0000000085b00000, 0x0000000085b00000, 0x0000000085c00000|  0%| F|  |TAMS 0x0000000085b00000, 0x0000000085b00000| Untracked 
|  72|0x0000000085c00000, 0x0000000085c00000, 0x0000000085d00000|  0%| F|  |TAMS 0x0000000085c00000, 0x0000000085c00000| Untracked 
|  73|0x0000000085d00000, 0x0000000085d00000, 0x0000000085e00000|  0%| F|  |TAMS 0x0000000085d00000, 0x0000000085d00000| Untracked 
|  74|0x0000000085e00000, 0x0000000085e00000, 0x0000000085f00000|  0%| F|  |TAMS 0x0000000085e00000, 0x0000000085e00000| Untracked 
| 126|0x0000000089200000, 0x0000000089200000, 0x0000000089300000|  0%| F|  |TAMS 0x0000000089200000, 0x0000000089200000| Untracked 
| 127|0x0000000089300000, 0x0000000089300000, 0x0000000089400000|  0%| F|  |TAMS 0x0000000089300000, 0x0000000089300000| Untracked 

Card table byte_map: [0x000001a946960000,0x000001a946d60000] _byte_map_base: 0x000001a946556000

Marking Bits (Prev, Next): (CMBitMap*) 0x000001a934047700, (CMBitMap*) 0x000001a934047740
 Prev Bits: [0x000001a947160000, 0x000001a949110000)
 Next Bits: [0x000001a949110000, 0x000001a94b0c0000)

Polling page: 0x000001a931ed0000

Metaspace:

Usage:
  Non-class:     33.91 MB used.
      Class:      4.98 MB used.
       Both:     38.90 MB used.

Virtual space:
  Non-class space:       40.00 MB reserved,      34.12 MB ( 85%) committed,  5 nodes.
      Class space:        1.00 GB reserved,       5.12 MB ( <1%) committed,  1 nodes.
              Both:        1.04 GB reserved,      39.25 MB (  4%) committed. 

Chunk freelists:
   Non-Class:  1.67 MB
       Class:  2.69 MB
        Both:  4.36 MB

MaxMetaspaceSize: 17179869184.00 GB
CompressedClassSpaceSize: 1.00 GB
 - commit_granule_bytes: 65536.
 - commit_granule_words: 8192.
 - virtual_space_node_default_size: 1048576.
 - enlarge_chunks_in_place: 1.
 - new_chunks_are_fully_committed: 0.
 - uncommit_free_chunks: 1.
 - use_allocation_guard: 0.
 - handle_deallocations: 1.


Internal statistics:

num_allocs_failed_limit: 6.
num_arena_births: 444.
num_arena_deaths: 0.
num_vsnodes_births: 6.
num_vsnodes_deaths: 0.
num_space_committed: 628.
num_space_uncommitted: 0.
num_chunks_returned_to_freelist: 6.
num_chunks_taken_from_freelist: 1580.
num_chunk_merges: 6.
num_chunk_splits: 1057.
num_chunks_enlarged: 769.
num_purges: 0.

CodeHeap 'non-profiled nmethods': size=238912Kb used=6598Kb max_used=6598Kb free=232314Kb
 bounds [0x000001a937c10000, 0x000001a938290000, 0x000001a946560000]
CodeHeap 'non-nmethods': size=6848Kb used=1186Kb max_used=1186Kb free=5661Kb
 bounds [0x000001a937560000, 0x000001a9377d0000, 0x000001a937c10000]
 total_blobs=4528 nmethods=4048 adapters=407
 compilation: enabled
              stopped_count=0, restarted_count=0
 full_count=0

Compilation events (20 events):
Event: 5.031 Thread 0x000001a94e012f50 4039       1       java.io.File::hashCode (8 bytes)
Event: 5.031 Thread 0x000001a94e012f50 nmethod 4039 0x000001a93827dd90 code [0x000001a93827df40, 0x000001a93827e0a8]
Event: 5.031 Thread 0x000001a94e012f50 4040       1       java.io.WinNTFileSystem::hashCode (18 bytes)
Event: 5.031 Thread 0x000001a94e012f50 nmethod 4040 0x000001a93827e190 code [0x000001a93827e360, 0x000001a93827e4e8]
Event: 5.032 Thread 0x000001a94e012f50 4041       1       java.io.File::<init> (78 bytes)
Event: 5.032 Thread 0x000001a94e012f50 nmethod 4041 0x000001a93827e610 code [0x000001a93827e7c0, 0x000001a93827e948]
Event: 5.035 Thread 0x000001a94e012f50 4042       1       org.springframework.core.annotation.MergedAnnotationsCollection::isDirectlyPresent (7 bytes)
Event: 5.036 Thread 0x000001a94e012f50 nmethod 4042 0x000001a93827ea10 code [0x000001a93827eba0, 0x000001a93827ec88]
Event: 5.042 Thread 0x000001a94e012f50 4043       1       java.lang.invoke.DirectMethodHandle$Special::isInvokeSpecial (2 bytes)
Event: 5.042 Thread 0x000001a94e012f50 nmethod 4043 0x000001a93827ed10 code [0x000001a93827eea0, 0x000001a93827ef78]
Event: 5.116 Thread 0x000001a94e012f50 4044       1       jdk.internal.loader.BuiltinClassLoader::findResources (182 bytes)
Event: 5.117 Thread 0x000001a94e012f50 nmethod 4044 0x000001a93827f010 code [0x000001a93827f2c0, 0x000001a93827fdc8]
Event: 5.117 Thread 0x000001a94e012f50 4045       1       jdk.internal.loader.BuiltinClassLoader::findResourcesOnClassPath (43 bytes)
Event: 5.118 Thread 0x000001a94e012f50 nmethod 4045 0x000001a938280510 code [0x000001a938280700, 0x000001a938280a68]
Event: 5.118 Thread 0x000001a94e012f50 4046       1       jdk.internal.loader.BuiltinClassLoader$1::<init> (33 bytes)
Event: 5.118 Thread 0x000001a94e012f50 nmethod 4046 0x000001a938280c10 code [0x000001a938280dc0, 0x000001a938281028]
Event: 5.118 Thread 0x000001a94e012f50 4047       1       jdk.internal.reflect.ClassFileAssembler::opc_athrow (12 bytes)
Event: 5.118 Thread 0x000001a94e012f50 nmethod 4047 0x000001a938281110 code [0x000001a9382812c0, 0x000001a938281408]
Event: 5.260 Thread 0x000001a94e012f50 4048       1       java.util.jar.JarFile$JarFileEntry::getRealName (5 bytes)
Event: 5.260 Thread 0x000001a94e012f50 nmethod 4048 0x000001a938281510 code [0x000001a9382816a0, 0x000001a938281778]

GC Heap History (20 events):
Event: 1.937 GC heap after
{Heap after GC invocations=4 (full 0):
 garbage-first heap   total 131072K, used 11416K [0x0000000081400000, 0x0000000100000000)
  region size 1024K, 4 young (4096K), 4 survivors (4096K)
 Metaspace       used 20957K, committed 21248K, reserved 1073152K
  class space    used 2421K, committed 2560K, reserved 1048576K
}
Event: 2.529 GC heap before
{Heap before GC invocations=5 (full 0):
 garbage-first heap   total 48128K, used 46232K [0x0000000081400000, 0x0000000100000000)
  region size 1024K, 39 young (39936K), 4 survivors (4096K)
 Metaspace       used 26338K, committed 26624K, reserved 1073152K
  class space    used 3125K, committed 3264K, reserved 1048576K
}
Event: 2.536 GC heap after
{Heap after GC invocations=6 (full 0):
 garbage-first heap   total 53248K, used 13235K [0x0000000081400000, 0x0000000100000000)
  region size 1024K, 5 young (5120K), 5 survivors (5120K)
 Metaspace       used 26338K, committed 26624K, reserved 1073152K
  class space    used 3125K, committed 3264K, reserved 1048576K
}
Event: 2.703 GC heap before
{Heap before GC invocations=6 (full 0):
 garbage-first heap   total 53248K, used 35763K [0x0000000081400000, 0x0000000100000000)
  region size 1024K, 28 young (28672K), 5 survivors (5120K)
 Metaspace       used 26522K, committed 26880K, reserved 1073152K
  class space    used 3156K, committed 3328K, reserved 1048576K
}
Event: 2.709 GC heap after
{Heap after GC invocations=7 (full 0):
 garbage-first heap   total 53248K, used 13871K [0x0000000081400000, 0x0000000100000000)
  region size 1024K, 3 young (3072K), 3 survivors (3072K)
 Metaspace       used 26522K, committed 26880K, reserved 1073152K
  class space    used 3156K, committed 3328K, reserved 1048576K
}
Event: 2.713 GC heap before
{Heap before GC invocations=7 (full 0):
 garbage-first heap   total 53248K, used 35375K [0x0000000081400000, 0x0000000100000000)
  region size 1024K, 25 young (25600K), 3 survivors (3072K)
 Metaspace       used 26522K, committed 26880K, reserved 1073152K
  class space    used 3156K, committed 3328K, reserved 1048576K
}
Event: 2.716 GC heap after
{Heap after GC invocations=8 (full 0):
 garbage-first heap   total 64512K, used 14218K [0x0000000081400000, 0x0000000100000000)
  region size 1024K, 2 young (2048K), 2 survivors (2048K)
 Metaspace       used 26522K, committed 26880K, reserved 1073152K
  class space    used 3156K, committed 3328K, reserved 1048576K
}
Event: 3.373 GC heap before
{Heap before GC invocations=8 (full 0):
 garbage-first heap   total 64512K, used 48010K [0x0000000081400000, 0x0000000100000000)
  region size 1024K, 36 young (36864K), 2 survivors (2048K)
 Metaspace       used 29404K, committed 29696K, reserved 1081344K
  class space    used 3577K, committed 3712K, reserved 1048576K
}
Event: 3.377 GC heap after
{Heap after GC invocations=9 (full 0):
 garbage-first heap   total 64512K, used 15773K [0x0000000081400000, 0x0000000100000000)
  region size 1024K, 3 young (3072K), 3 survivors (3072K)
 Metaspace       used 29404K, committed 29696K, reserved 1081344K
  class space    used 3577K, committed 3712K, reserved 1048576K
}
Event: 4.296 GC heap before
{Heap before GC invocations=9 (full 0):
 garbage-first heap   total 64512K, used 49565K [0x0000000081400000, 0x0000000100000000)
  region size 1024K, 36 young (36864K), 3 survivors (3072K)
 Metaspace       used 33787K, committed 34176K, reserved 1081344K
  class space    used 4271K, committed 4480K, reserved 1048576K
}
Event: 4.302 GC heap after
{Heap after GC invocations=10 (full 0):
 garbage-first heap   total 64512K, used 18736K [0x0000000081400000, 0x0000000100000000)
  region size 1024K, 5 young (5120K), 5 survivors (5120K)
 Metaspace       used 33787K, committed 34176K, reserved 1081344K
  class space    used 4271K, committed 4480K, reserved 1048576K
}
Event: 4.514 GC heap before
{Heap before GC invocations=10 (full 0):
 garbage-first heap   total 64512K, used 27952K [0x0000000081400000, 0x0000000100000000)
  region size 1024K, 15 young (15360K), 5 survivors (5120K)
 Metaspace       used 35442K, committed 35776K, reserved 1081344K
  class space    used 4474K, committed 4672K, reserved 1048576K
}
Event: 4.520 GC heap after
{Heap after GC invocations=11 (full 0):
 garbage-first heap   total 64512K, used 19700K [0x0000000081400000, 0x0000000100000000)
  region size 1024K, 2 young (2048K), 2 survivors (2048K)
 Metaspace       used 35442K, committed 35776K, reserved 1081344K
  class space    used 4474K, committed 4672K, reserved 1048576K
}
Event: 4.534 GC heap before
{Heap before GC invocations=11 (full 0):
 garbage-first heap   total 64512K, used 47348K [0x0000000081400000, 0x0000000100000000)
  region size 1024K, 30 young (30720K), 2 survivors (2048K)
 Metaspace       used 35479K, committed 35904K, reserved 1081344K
  class space    used 4479K, committed 4672K, reserved 1048576K
}
Event: 4.537 GC heap after
{Heap after GC invocations=12 (full 0):
 garbage-first heap   total 64512K, used 19582K [0x0000000081400000, 0x0000000100000000)
  region size 1024K, 2 young (2048K), 2 survivors (2048K)
 Metaspace       used 35479K, committed 35904K, reserved 1081344K
  class space    used 4479K, committed 4672K, reserved 1048576K
}
Event: 4.619 GC heap before
{Heap before GC invocations=13 (full 0):
 garbage-first heap   total 64512K, used 48254K [0x0000000081400000, 0x0000000100000000)
  region size 1024K, 31 young (31744K), 2 survivors (2048K)
 Metaspace       used 36007K, committed 36288K, reserved 1081344K
  class space    used 4529K, committed 4672K, reserved 1048576K
}
Event: 4.621 GC heap after
{Heap after GC invocations=14 (full 0):
 garbage-first heap   total 64512K, used 20128K [0x0000000081400000, 0x0000000100000000)
  region size 1024K, 2 young (2048K), 2 survivors (2048K)
 Metaspace       used 36007K, committed 36288K, reserved 1081344K
  class space    used 4529K, committed 4672K, reserved 1048576K
}
Event: 4.635 GC heap before
{Heap before GC invocations=14 (full 0):
 garbage-first heap   total 64512K, used 49824K [0x0000000081400000, 0x0000000100000000)
  region size 1024K, 32 young (32768K), 2 survivors (2048K)
 Metaspace       used 36007K, committed 36288K, reserved 1081344K
  class space    used 4529K, committed 4672K, reserved 1048576K
}
Event: 4.637 GC heap after
{Heap after GC invocations=15 (full 0):
 garbage-first heap   total 64512K, used 19977K [0x0000000081400000, 0x0000000100000000)
  region size 1024K, 2 young (2048K), 2 survivors (2048K)
 Metaspace       used 36007K, committed 36288K, reserved 1081344K
  class space    used 4529K, committed 4672K, reserved 1048576K
}
Event: 5.275 GC heap before
{Heap before GC invocations=15 (full 0):
 garbage-first heap   total 64512K, used 51721K [0x0000000081400000, 0x0000000100000000)
  region size 1024K, 33 young (33792K), 2 survivors (2048K)
 Metaspace       used 39832K, committed 40192K, reserved 1089536K
  class space    used 5103K, committed 5248K, reserved 1048576K
}

Deoptimization events (4 events):
Event: 2.994 Thread 0x000001a94faad070 DEOPT PACKING pc=0x000001a938073fc4 sp=0x0000002ae0bfd5e0
Event: 2.994 Thread 0x000001a94faad070 DEOPT UNPACKING pc=0x000001a9375adece sp=0x0000002ae0bfca80 mode 0
Event: 3.516 Thread 0x000001a94faad070 DEOPT PACKING pc=0x000001a937f252bc sp=0x0000002ae0bfc820
Event: 3.516 Thread 0x000001a94faad070 DEOPT UNPACKING pc=0x000001a9375adece sp=0x0000002ae0bfbd78 mode 0

Classes unloaded (0 events):
No events

Classes redefined (0 events):
No events

Internal exceptions (20 events):
Event: 4.783 Thread 0x000001a94faad070 Exception <a 'java/lang/ClassNotFoundException'{0x00000000849c7060}: com/example/demo/config/SecurityConfigCustomizer> (0x00000000849c7060) 
thrown [t:\workspace\open\src\hotspot\share\classfile\systemDictionary.cpp, line 256]
Event: 4.784 Thread 0x000001a94faad070 Exception <a 'java/lang/ClassNotFoundException'{0x00000000849d3098}: com/example/demo/config/SecurityConfig$$EnhancerBySpringCGLIB$$876ea604Customizer> (0x00000000849d3098) 
thrown [t:\workspace\open\src\hotspot\share\classfile\systemDictionary.cpp, line 256]
Event: 4.787 Thread 0x000001a94faad070 Exception <a 'java/lang/ClassNotFoundException'{0x00000000849ea410}: org/springframework/context/annotation/ConfigurationClassEnhancer$EnhancedConfigurationCustomizer> (0x00000000849ea410) 
thrown [t:\workspace\open\src\hotspot\share\classfile\systemDictionary.cpp, line 256]
Event: 4.788 Thread 0x000001a94faad070 Exception <a 'java/lang/ClassNotFoundException'{0x00000000849f1fa0}: org/springframework/beans/factory/BeanFactoryAwareCustomizer> (0x00000000849f1fa0) 
thrown [t:\workspace\open\src\hotspot\share\classfile\systemDictionary.cpp, line 256]
Event: 4.790 Thread 0x000001a94faad070 Exception <a 'java/lang/ClassNotFoundException'{0x00000000849fabd8}: org/springframework/beans/factory/AwareCustomizer> (0x00000000849fabd8) 
thrown [t:\workspace\open\src\hotspot\share\classfile\systemDictionary.cpp, line 256]
Event: 4.792 Thread 0x000001a94faad070 Exception <a 'java/lang/ClassNotFoundException'{0x00000000848030b0}: org/springframework/security/config/annotation/web/WebSecurityConfigurerCustomizer> (0x00000000848030b0) 
thrown [t:\workspace\open\src\hotspot\share\classfile\systemDictionary.cpp, line 256]
Event: 4.793 Thread 0x000001a94faad070 Exception <a 'java/lang/ClassNotFoundException'{0x000000008480b318}: org/springframework/security/config/annotation/SecurityConfigurerCustomizer> (0x000000008480b318) 
thrown [t:\workspace\open\src\hotspot\share\classfile\systemDictionary.cpp, line 256]
Event: 4.811 Thread 0x000001a94faad070 Exception <a 'java/lang/ClassNotFoundException'{0x000000008489c4e0}: java/lang/ObjectCustomizer> (0x000000008489c4e0) 
thrown [t:\workspace\open\src\hotspot\share\classfile\systemDictionary.cpp, line 256]
Event: 4.813 Thread 0x000001a94faad070 Exception <a 'java/lang/ClassNotFoundException'{0x00000000848a9270}: org/springframework/security/config/annotation/authentication/configuration/AuthenticationConfigurationCustomizer> (0x00000000848a9270) 
thrown [t:\workspace\open\src\hotspot\share\classfile\systemDictionary.cpp, line 256]
Event: 4.848 Thread 0x000001a94faad070 Exception <a 'java/lang/ClassNotFoundException'{0x0000000084657910}: java/lang/ObjectCustomizer> (0x0000000084657910) 
thrown [t:\workspace\open\src\hotspot\share\classfile\systemDictionary.cpp, line 256]
Event: 4.850 Thread 0x000001a94faad070 Exception <a 'java/lang/ClassNotFoundException'{0x0000000084663c18}: org/springframework/web/servlet/config/annotation/WebMvcConfigurationSupportCustomizer> (0x0000000084663c18) 
thrown [t:\workspace\open\src\hotspot\share\classfile\systemDictionary.cpp, line 256]
Event: 4.852 Thread 0x000001a94faad070 Exception <a 'java/lang/ClassNotFoundException'{0x000000008467c1b0}: org/springframework/web/servlet/config/annotation/DelegatingWebMvcConfigurationCustomizer> (0x000000008467c1b0) 
thrown [t:\workspace\open\src\hotspot\share\classfile\systemDictionary.cpp, line 256]
Event: 4.854 Thread 0x000001a94faad070 Exception <a 'java/lang/ClassNotFoundException'{0x0000000084689e40}: org/springframework/boot/autoconfigure/web/servlet/WebMvcAutoConfiguration$EnableWebMvcConfigurationCustomizer> (0x0000000084689e40) 
thrown [t:\workspace\open\src\hotspot\share\classfile\systemDictionary.cpp, line 256]
Event: 4.857 Thread 0x000001a94faad070 Exception <a 'java/lang/ClassNotFoundException'{0x00000000846a1c70}: org/springframework/context/ResourceLoaderAwareCustomizer> (0x00000000846a1c70) 
thrown [t:\workspace\open\src\hotspot\share\classfile\systemDictionary.cpp, line 256]
Event: 4.859 Thread 0x000001a94faad070 Exception <a 'java/lang/ClassNotFoundException'{0x00000000846aab80}: org/springframework/beans/factory/AwareCustomizer> (0x00000000846aab80) 
thrown [t:\workspace\open\src\hotspot\share\classfile\systemDictionary.cpp, line 256]
Event: 4.860 Thread 0x000001a94faad070 Exception <a 'java/lang/ClassNotFoundException'{0x00000000846b2ff8}: org/springframework/context/ApplicationContextAwareCustomizer> (0x00000000846b2ff8) 
thrown [t:\workspace\open\src\hotspot\share\classfile\systemDictionary.cpp, line 256]
Event: 4.863 Thread 0x000001a94faad070 Exception <a 'java/lang/ClassNotFoundException'{0x00000000846bcad8}: org/springframework/beans/factory/AwareCustomizer> (0x00000000846bcad8) 
thrown [t:\workspace\open\src\hotspot\share\classfile\systemDictionary.cpp, line 256]
Event: 4.864 Thread 0x000001a94faad070 Exception <a 'java/lang/ClassNotFoundException'{0x00000000846c4f28}: org/springframework/web/context/ServletContextAwareCustomizer> (0x00000000846c4f28) 
thrown [t:\workspace\open\src\hotspot\share\classfile\systemDictionary.cpp, line 256]
Event: 4.866 Thread 0x000001a94faad070 Exception <a 'java/lang/ClassNotFoundException'{0x00000000846ce290}: org/springframework/beans/factory/AwareCustomizer> (0x00000000846ce290) 
thrown [t:\workspace\open\src\hotspot\share\classfile\systemDictionary.cpp, line 256]
Event: 4.963 Thread 0x000001a94eaca020 Exception <a 'java/lang/reflect/InvocationTargetException'{0x0000000083fa5568}> (0x0000000083fa5568) 
thrown [t:\workspace\open\src\hotspot\share\runtime\reflection.cpp, line 1157]

Events (20 events):
Event: 4.908 loading class java/util/concurrent/Executors$FinalizableDelegatedExecutorService
Event: 4.908 loading class java/util/concurrent/Executors$DelegatedExecutorService
Event: 4.908 loading class java/util/concurrent/Executors$DelegatedExecutorService done
Event: 4.908 loading class java/util/concurrent/Executors$FinalizableDelegatedExecutorService done
Event: 4.909 Thread 0x000001a94faa9b50 Thread added: 0x000001a94faa9b50
Event: 4.955 loading class java/util/ServiceConfigurationError
Event: 4.955 loading class java/util/ServiceConfigurationError done
Event: 4.982 loading class java/util/regex/Pattern$SliceI
Event: 4.982 loading class java/util/regex/Pattern$SliceI done
Event: 5.007 loading class javax/naming/Referenceable
Event: 5.007 loading class javax/naming/Referenceable done
Event: 5.025 loading class java/lang/instrument/ClassFileTransformer
Event: 5.025 loading class java/lang/instrument/ClassFileTransformer done
Event: 5.063 loading class java/util/IllegalFormatException
Event: 5.063 loading class java/util/IllegalFormatException done
Event: 5.191 loading class java/lang/Process
Event: 5.191 loading class java/lang/Process done
Event: 5.236 loading class java/lang/reflect/GenericSignatureFormatError
Event: 5.236 loading class java/lang/reflect/GenericSignatureFormatError done
Event: 5.275 Executing  VM operation: G1CollectForAllocation


Dynamic libraries:
0x00007ff751890000 - 0x00007ff75189e000 	C:\Users\caioc\Downloads\dfgdf\sts-4.11.0.RELEASE\plugins\org.eclipse.justj.openjdk.hotspot.jre.full.win32.x86_64_16.0.1.v20210528-1205\jre\bin\javaw.exe
0x00007ff9f1570000 - 0x00007ff9f1765000 	C:\WINDOWS\SYSTEM32\ntdll.dll
0x00007ff9f0760000 - 0x00007ff9f081d000 	C:\WINDOWS\System32\KERNEL32.DLL
0x00007ff9ef0e0000 - 0x00007ff9ef3a9000 	C:\WINDOWS\System32\KERNELBASE.dll
0x00007ff9eee80000 - 0x00007ff9eef80000 	C:\WINDOWS\System32\ucrtbase.dll
0x00007ff9e6d30000 - 0x00007ff9e6d48000 	C:\Users\caioc\Downloads\dfgdf\sts-4.11.0.RELEASE\plugins\org.eclipse.justj.openjdk.hotspot.jre.full.win32.x86_64_16.0.1.v20210528-1205\jre\bin\jli.dll
0x00007ff9d9090000 - 0x00007ff9d90a9000 	C:\Users\caioc\Downloads\dfgdf\sts-4.11.0.RELEASE\plugins\org.eclipse.justj.openjdk.hotspot.jre.full.win32.x86_64_16.0.1.v20210528-1205\jre\bin\VCRUNTIME140.dll
0x00007ff9f0d90000 - 0x00007ff9f0f30000 	C:\WINDOWS\System32\USER32.dll
0x00007ff9eee50000 - 0x00007ff9eee72000 	C:\WINDOWS\System32\win32u.dll
0x00007ff9d9790000 - 0x00007ff9d9a2a000 	C:\WINDOWS\WinSxS\amd64_microsoft.windows.common-controls_6595b64144ccf1df_6.0.19041.1110_none_60b5254171f9507e\COMCTL32.dll
0x00007ff9f0b80000 - 0x00007ff9f0baa000 	C:\WINDOWS\System32\GDI32.dll
0x00007ff9f0620000 - 0x00007ff9f06be000 	C:\WINDOWS\System32\msvcrt.dll
0x00007ff9eeca0000 - 0x00007ff9eedab000 	C:\WINDOWS\System32\gdi32full.dll
0x00007ff9eedb0000 - 0x00007ff9eee4d000 	C:\WINDOWS\System32\msvcp_win.dll
0x00007ff9ef970000 - 0x00007ff9ef9a0000 	C:\WINDOWS\System32\IMM32.DLL
0x00007ff9e76d0000 - 0x00007ff9e76dc000 	C:\Users\caioc\Downloads\dfgdf\sts-4.11.0.RELEASE\plugins\org.eclipse.justj.openjdk.hotspot.jre.full.win32.x86_64_16.0.1.v20210528-1205\jre\bin\vcruntime140_1.dll
0x00007ff9d8690000 - 0x00007ff9d8721000 	C:\Users\caioc\Downloads\dfgdf\sts-4.11.0.RELEASE\plugins\org.eclipse.justj.openjdk.hotspot.jre.full.win32.x86_64_16.0.1.v20210528-1205\jre\bin\msvcp140.dll
0x00007ff9a7c90000 - 0x00007ff9a883b000 	C:\Users\caioc\Downloads\dfgdf\sts-4.11.0.RELEASE\plugins\org.eclipse.justj.openjdk.hotspot.jre.full.win32.x86_64_16.0.1.v20210528-1205\jre\bin\server\jvm.dll
0x00007ff9f0f30000 - 0x00007ff9f0fdc000 	C:\WINDOWS\System32\ADVAPI32.dll
0x00007ff9f00e0000 - 0x00007ff9f017b000 	C:\WINDOWS\System32\sechost.dll
0x00007ff9ef5e0000 - 0x00007ff9ef70a000 	C:\WINDOWS\System32\RPCRT4.dll
0x00007ff9f0750000 - 0x00007ff9f0758000 	C:\WINDOWS\System32\PSAPI.DLL
0x00007ff9e9a50000 - 0x00007ff9e9a59000 	C:\WINDOWS\SYSTEM32\WSOCK32.dll
0x00007ff9dcca0000 - 0x00007ff9dccc7000 	C:\WINDOWS\SYSTEM32\WINMM.dll
0x00007ff9f1120000 - 0x00007ff9f118b000 	C:\WINDOWS\System32\WS2_32.dll
0x00007ff9ea960000 - 0x00007ff9ea96a000 	C:\WINDOWS\SYSTEM32\VERSION.dll
0x00007ff9ecbb0000 - 0x00007ff9ecbc2000 	C:\WINDOWS\SYSTEM32\kernel.appcore.dll
0x00007ff9e9e90000 - 0x00007ff9e9e9a000 	C:\Users\caioc\Downloads\dfgdf\sts-4.11.0.RELEASE\plugins\org.eclipse.justj.openjdk.hotspot.jre.full.win32.x86_64_16.0.1.v20210528-1205\jre\bin\jimage.dll
0x00007ff9e8c10000 - 0x00007ff9e8df4000 	C:\WINDOWS\SYSTEM32\DBGHELP.DLL
0x00007ff9e8860000 - 0x00007ff9e888c000 	C:\WINDOWS\SYSTEM32\dbgcore.DLL
0x00007ff9ef540000 - 0x00007ff9ef5c3000 	C:\WINDOWS\System32\bcryptPrimitives.dll
0x00007ff9d90b0000 - 0x00007ff9d90d5000 	C:\Users\caioc\Downloads\dfgdf\sts-4.11.0.RELEASE\plugins\org.eclipse.justj.openjdk.hotspot.jre.full.win32.x86_64_16.0.1.v20210528-1205\jre\bin\java.dll
0x00007ff9e6330000 - 0x00007ff9e6348000 	C:\Users\caioc\Downloads\dfgdf\sts-4.11.0.RELEASE\plugins\org.eclipse.justj.openjdk.hotspot.jre.full.win32.x86_64_16.0.1.v20210528-1205\jre\bin\zip.dll
0x00007ff9ef9a0000 - 0x00007ff9f00df000 	C:\WINDOWS\System32\SHELL32.dll
0x00007ff9ecdb0000 - 0x00007ff9ed540000 	C:\WINDOWS\SYSTEM32\windows.storage.dll
0x00007ff9f0820000 - 0x00007ff9f0b75000 	C:\WINDOWS\System32\combase.dll
0x00007ff9ee700000 - 0x00007ff9ee72c000 	C:\WINDOWS\SYSTEM32\Wldp.dll
0x00007ff9ef710000 - 0x00007ff9ef7be000 	C:\WINDOWS\System32\SHCORE.dll
0x00007ff9f0c10000 - 0x00007ff9f0c65000 	C:\WINDOWS\System32\shlwapi.dll
0x00007ff9eebe0000 - 0x00007ff9eebff000 	C:\WINDOWS\SYSTEM32\profapi.dll
0x00007ff9e6180000 - 0x00007ff9e6199000 	C:\Users\caioc\Downloads\dfgdf\sts-4.11.0.RELEASE\plugins\org.eclipse.justj.openjdk.hotspot.jre.full.win32.x86_64_16.0.1.v20210528-1205\jre\bin\net.dll
0x00007ff9e7370000 - 0x00007ff9e7478000 	C:\WINDOWS\SYSTEM32\WINHTTP.dll
0x00007ff9ee3f0000 - 0x00007ff9ee45a000 	C:\WINDOWS\system32\mswsock.dll
0x00007ff9e5b20000 - 0x00007ff9e5b33000 	C:\Users\caioc\Downloads\dfgdf\sts-4.11.0.RELEASE\plugins\org.eclipse.justj.openjdk.hotspot.jre.full.win32.x86_64_16.0.1.v20210528-1205\jre\bin\nio.dll
0x00007ff9e60d0000 - 0x00007ff9e60d9000 	C:\Users\caioc\Downloads\dfgdf\sts-4.11.0.RELEASE\plugins\org.eclipse.justj.openjdk.hotspot.jre.full.win32.x86_64_16.0.1.v20210528-1205\jre\bin\management.dll
0x00007ff9e4b90000 - 0x00007ff9e4b9b000 	C:\Users\caioc\Downloads\dfgdf\sts-4.11.0.RELEASE\plugins\org.eclipse.justj.openjdk.hotspot.jre.full.win32.x86_64_16.0.1.v20210528-1205\jre\bin\management_ext.dll
0x00007ff9d7e70000 - 0x00007ff9d7e87000 	C:\WINDOWS\system32\napinsp.dll
0x00007ff9d4da0000 - 0x00007ff9d4dbb000 	C:\WINDOWS\system32\pnrpnsp.dll
0x00007ff9ea440000 - 0x00007ff9ea455000 	C:\WINDOWS\system32\wshbth.dll
0x00007ff9e97c0000 - 0x00007ff9e97dd000 	C:\WINDOWS\system32\NLAapi.dll
0x00007ff9ee080000 - 0x00007ff9ee0bb000 	C:\WINDOWS\SYSTEM32\IPHLPAPI.DLL
0x00007ff9ee0c0000 - 0x00007ff9ee18c000 	C:\WINDOWS\SYSTEM32\DNSAPI.dll
0x00007ff9f0740000 - 0x00007ff9f0748000 	C:\WINDOWS\System32\NSI.dll
0x00007ff9d4040000 - 0x00007ff9d4052000 	C:\WINDOWS\System32\winrnr.dll
0x00007ff9e6000000 - 0x00007ff9e600a000 	C:\Windows\System32\rasadhlp.dll
0x00007ff9e6f80000 - 0x00007ff9e6fff000 	C:\WINDOWS\System32\fwpuclnt.dll
0x00007ff9ef3b0000 - 0x00007ff9ef3d7000 	C:\WINDOWS\System32\bcrypt.dll
0x00007ff9ee5f0000 - 0x00007ff9ee608000 	C:\WINDOWS\SYSTEM32\CRYPTSP.dll
0x00007ff9edd10000 - 0x00007ff9edd44000 	C:\WINDOWS\system32\rsaenh.dll
0x00007ff9eeba0000 - 0x00007ff9eebce000 	C:\WINDOWS\SYSTEM32\USERENV.dll
0x00007ff9ee5e0000 - 0x00007ff9ee5ec000 	C:\WINDOWS\SYSTEM32\CRYPTBASE.dll
0x00007ff9e86f0000 - 0x00007ff9e8707000 	C:\WINDOWS\SYSTEM32\dhcpcsvc6.DLL
0x00007ff9e8830000 - 0x00007ff9e884d000 	C:\WINDOWS\SYSTEM32\dhcpcsvc.DLL
0x00007ff9e99f0000 - 0x00007ff9e9a00000 	C:\Users\caioc\Downloads\dfgdf\sts-4.11.0.RELEASE\plugins\org.eclipse.justj.openjdk.hotspot.jre.full.win32.x86_64_16.0.1.v20210528-1205\jre\bin\verify.dll

dbghelp: loaded successfully - version: 4.0.5 - missing functions: none
symbol engine: initialized successfully - sym options: 0x614 - pdb path: .;C:\Users\caioc\Downloads\dfgdf\sts-4.11.0.RELEASE\plugins\org.eclipse.justj.openjdk.hotspot.jre.full.win32.x86_64_16.0.1.v20210528-1205\jre\bin;C:\WINDOWS\SYSTEM32;C:\WINDOWS\WinSxS\amd64_microsoft.windows.common-controls_6595b64144ccf1df_6.0.19041.1110_none_60b5254171f9507e;C:\Users\caioc\Downloads\dfgdf\sts-4.11.0.RELEASE\plugins\org.eclipse.justj.openjdk.hotspot.jre.full.win32.x86_64_16.0.1.v20210528-1205\jre\bin\server

VM Arguments:
jvm_args: -Dcom.sun.management.jmxremote -Dcom.sun.management.jmxremote.port=55230 -Dcom.sun.management.jmxremote.authenticate=false -Dcom.sun.management.jmxremote.ssl=false -Djava.rmi.server.hostname=localhost -Dspring.jmx.enabled=true -Dspring.application.admin.enabled=true -XX:TieredStopAtLevel=1 -Dspring.boot.project.name=BancoAPIVespertino -Dfile.encoding=UTF-8 -XX:+ShowCodeDetailsInExceptionMessages 
java_command: com.example.demo.BancoApiApplication --spring.output.ansi.enabled=always
java_class_path (initial): C:\Users\caioc\git\BancoAPIVespertino\target\classes;C:\Users\caioc\.m2\repository\org\springframework\boot\spring-boot-starter-web\2.5.2\spring-boot-starter-web-2.5.2.jar;C:\Users\caioc\.m2\repository\org\springframework\boot\spring-boot-starter\2.5.2\spring-boot-starter-2.5.2.jar;C:\Users\caioc\.m2\repository\org\springframework\boot\spring-boot-starter-logging\2.5.2\spring-boot-starter-logging-2.5.2.jar;C:\Users\caioc\.m2\repository\ch\qos\logback\logback-classic\1.2.3\logback-classic-1.2.3.jar;C:\Users\caioc\.m2\repository\ch\qos\logback\logback-core\1.2.3\logback-core-1.2.3.jar;C:\Users\caioc\.m2\repository\org\apache\logging\log4j\log4j-to-slf4j\2.14.1\log4j-to-slf4j-2.14.1.jar;C:\Users\caioc\.m2\repository\org\apache\logging\log4j\log4j-api\2.14.1\log4j-api-2.14.1.jar;C:\Users\caioc\.m2\repository\org\slf4j\jul-to-slf4j\1.7.31\jul-to-slf4j-1.7.31.jar;C:\Users\caioc\.m2\repository\jakarta\annotation\jakarta.annotation-api\1.3.5\jakarta.annotation-api-1.3.5.jar;C:\Users\caioc\.m2\repository\org\yaml\snakeyaml\1.28\snakeyaml-1.28.jar;C:\Users\caioc\.m2\repository\org\springframework\boot\spring-boot-starter-json\2.5.2\spring-boot-starter-json-2.5.2.jar;C:\Users\caioc\.m2\repository\com\fasterxml\jackson\datatype\jackson-datatype-jdk8\2.12.3\jackson-datatype-jdk8-2.12.3.jar;C:\Users\caioc\.m2\repository\com\fasterxml\jackson\datatype\jackson-datatype-jsr310\2.12.3\jackson-datatype-jsr310-2.12.3.jar;C:\Users\caioc\.m2\repository\com\fasterxml\jackson\module\jackson-module-parameter-names\2.12.3\jackson-module-parameter-names-2.12.3.jar;C:\Users\caioc\.m2\repository\org\springframework\boot\spring-boot-starter-tomcat\2.5.2\spring-boot-starter-tomcat-2.5.2.jar;C:\Users\caioc\.m2\repository\org\apache\tomcat\embed\tomcat-embed-core\9.0.48\tomcat-embed-core-9.0.48.jar;C:\Users\caioc\.m2\repository\org\apache\tomcat\embed\tomcat-embed-el\9.0.48\tomcat-embed-el-9.0.48.jar;C:\Users\caioc\.m2\repository\org\apache\tomcat\embed\tomcat-embed-web
Launcher Type: SUN_STANDARD

[Global flags]
     intx CICompilerCount                          = 3                                         {product} {ergonomic}
     uint ConcGCThreads                            = 1                                         {product} {ergonomic}
     uint G1ConcRefinementThreads                  = 4                                         {product} {ergonomic}
   size_t G1HeapRegionSize                         = 1048576                                   {product} {ergonomic}
    uintx GCDrainStackTargetSize                   = 64                                        {product} {ergonomic}
   size_t InitialHeapSize                          = 134217728                                 {product} {ergonomic}
     bool ManagementServer                         = true                                      {product} {command line}
   size_t MarkStackSize                            = 4194304                                   {product} {ergonomic}
   size_t MaxHeapSize                              = 2126512128                                {product} {ergonomic}
   size_t MaxNewSize                               = 1275068416                                {product} {ergonomic}
   size_t MinHeapDeltaBytes                        = 1048576                                   {product} {ergonomic}
   size_t MinHeapSize                              = 8388608                                   {product} {ergonomic}
    uintx NonNMethodCodeHeapSize                   = 6973028                                {pd product} {ergonomic}
    uintx NonProfiledCodeHeapSize                  = 244685212                              {pd product} {ergonomic}
    uintx ProfiledCodeHeapSize                     = 0                                      {pd product} {ergonomic}
    uintx ReservedCodeCacheSize                    = 251658240                              {pd product} {ergonomic}
     bool SegmentedCodeCache                       = true                                      {product} {ergonomic}
     bool ShowCodeDetailsInExceptionMessages       = true                                   {manageable} {command line}
   size_t SoftMaxHeapSize                          = 2126512128                             {manageable} {ergonomic}
     intx TieredStopAtLevel                        = 1                                         {product} {command line}
     bool UseCompressedClassPointers               = true                           {product lp64_product} {ergonomic}
     bool UseCompressedOops                        = true                           {product lp64_product} {ergonomic}
     bool UseG1GC                                  = true                                      {product} {ergonomic}
     bool UseLargePagesIndividualAllocation        = false                                  {pd product} {ergonomic}

Logging:
Log output configuration:
 #0: stdout all=warning uptime,level,tags
 #1: stderr all=off uptime,level,tags

Environment Variables:
PATH=C:/Users/caioc/Downloads/dfgdf/sts-4.11.0.RELEASE//plugins/org.eclipse.justj.openjdk.hotspot.jre.full.win32.x86_64_16.0.1.v20210528-1205/jre/bin/server;C:/Users/caioc/Downloads/dfgdf/sts-4.11.0.RELEASE//plugins/org.eclipse.justj.openjdk.hotspot.jre.full.win32.x86_64_16.0.1.v20210528-1205/jre/bin;C:\Program Files (x86)\Intel\iCLS Client\;C:\Program Files (x86)\Common Files\Oracle\Java\javapath;C:\Program Files\Intel\iCLS Client\;C:\WINDOWS\system32;C:\WINDOWS;C:\WINDOWS\System32\Wbem;C:\WINDOWS\System32\WindowsPowerShell\v1.0\;C:\WINDOWS\System32\OpenSSH\;C:\Program Files\Microsoft SQL Server\Client SDK\ODBC\110\Tools\Binn\;C:\Program Files (x86)\Microsoft SQL Server\120\Tools\Binn\;C:\Program Files\Microsoft SQL Server\120\Tools\Binn\;C:\Program Files\Microsoft SQL Server\120\DTS\Binn\;C:\Program Files (x86)\Windows Kits\8.1\Windows Performance Toolkit\;C:\Program Files\nodejs\;C:\Program Files\Git\cmd;C:\Program Files (x86)\Intel\Intel(R) Management Engine Components\DAL;C:\Program Files\Intel\Intel(R) Management Engine Components\DAL;C:\Users\caioc\AppData\Local\Microsoft\WindowsApps;%DASHLANE_DLL_DIR%;C:\Users\caioc\AppData\Roaming\npm;C:\Users\caioc\AppData\Local\Programs\Microsoft VS Code\bin;;C:\Users\caioc\Downloads\dfgdf\sts-4.11.0.RELEASE;
USERNAME=Andrei
OS=Windows_NT
PROCESSOR_IDENTIFIER=Intel64 Family 6 Model 142 Stepping 9, GenuineIntel



---------------  S Y S T E M  ---------------

OS:
 Windows 10 , 64 bit Build 19041 (10.0.19041.1151)
OS uptime: 3 days 14:24 hours

CPU: total 4 (initial active 4) (2 cores per cpu, 2 threads per core) family 6 model 142 stepping 9 microcode 0xb4, cx8, cmov, fxsr, ht, mmx, 3dnowpref, sse, sse2, sse3, ssse3, sse4.1, sse4.2, popcnt, lzcnt, tsc, tscinvbit, avx, avx2, aes, erms, clmul, bmi1, bmi2, adx, fma, vzeroupper, clflush, clflushopt

Memory: 4k page, system-wide physical 8105M (444M free)
TotalPageFile size 8105M (AvailPageFile size 25M)
current process WorkingSet (physical memory assigned to process): 164M, peak: 164M
current process commit charge ("private bytes"): 209M, peak: 260M

vm_info: OpenJDK 64-Bit Server VM (16.0.1+9-24) for windows-amd64 JRE (16.0.1+9-24), built on Mar 26 2021 19:30:07 by "mach5one" with MS VC++ 16.7 (VS2019)

END.
