#
# There is insufficient memory for the Java Runtime Environment to continue.
# Native memory allocation (mmap) failed to map 51380224 bytes for G1 virtual space
# Possible reasons:
#   The system is out of physical RAM or swap space
#   The process is running with CompressedOops enabled, and the Java Heap may be blocking the growth of the native heap
# Possible solutions:
#   Reduce memory load on the system
#   Increase physical memory or swap space
#   Check if swap backing store is full
#   Decrease Java heap size (-Xmx/-Xms)
#   Decrease number of Java threads
#   Decrease Java thread stack sizes (-Xss)
#   Set larger code cache with -XX:ReservedCodeCacheSize=
#   JVM is running with Unscaled Compressed Oops mode in which the Java heap is
#     placed in the first 4GB address space. The Java Heap base address is the
#     maximum limit for the native heap growth. Please use -XX:HeapBaseMinAddress
#     to set the Java Heap base and to place the Java Heap above 4GB virtual address.
# This output file may be truncated or incomplete.
#
#  Out of Memory Error (os_windows.cpp:3466), pid=4004, tid=11416
#
# JRE version: OpenJDK Runtime Environment (16.0.1+9) (build 16.0.1+9-24)
# Java VM: OpenJDK 64-Bit Server VM (16.0.1+9-24, mixed mode, tiered, compressed oops, compressed class ptrs, g1 gc, windows-amd64)
# No core dump will be written. Minidumps are not enabled by default on client versions of Windows
#

---------------  S U M M A R Y ------------

Command Line: -Dcom.sun.management.jmxremote -Dcom.sun.management.jmxremote.port=55242 -Dcom.sun.management.jmxremote.authenticate=false -Dcom.sun.management.jmxremote.ssl=false -Djava.rmi.server.hostname=localhost -Dspring.jmx.enabled=true -Dspring.application.admin.enabled=true -XX:TieredStopAtLevel=1 -Dspring.boot.project.name=BancoAPIVespertino -Dfile.encoding=UTF-8 -XX:+ShowCodeDetailsInExceptionMessages com.example.demo.BancoApiApplication --spring.output.ansi.enabled=always

Host: Intel(R) Core(TM) i5-7200U CPU @ 2.50GHz, 4 cores, 7G,  Windows 10 , 64 bit Build 19041 (10.0.19041.1151)
Time: Wed Aug 18 14:44:03 2021 Hora Padrão da Bahia elapsed time: 4.129097 seconds (0d 0h 0m 4s)

---------------  T H R E A D  ---------------

Current thread (0x0000021ddc411370):  VMThread "VM Thread" [stack: 0x00000073a0b00000,0x00000073a0c00000] [id=11416]

Stack: [0x00000073a0b00000,0x00000073a0c00000]
Native frames: (J=compiled Java code, j=interpreted, Vv=VM code, C=native code)
V  [jvm.dll+0x6687ca]
V  [jvm.dll+0x7ca3c9]
V  [jvm.dll+0x7cbb53]
V  [jvm.dll+0x7cc1b3]
V  [jvm.dll+0x242ea5]
V  [jvm.dll+0x665589]
V  [jvm.dll+0x65a175]
V  [jvm.dll+0x2fc5ab]
V  [jvm.dll+0x3037a6]
V  [jvm.dll+0x352fee]
V  [jvm.dll+0x35321f]
V  [jvm.dll+0x2d3618]
V  [jvm.dll+0x2d11a5]
V  [jvm.dll+0x2d07dc]
V  [jvm.dll+0x3158c2]
V  [jvm.dll+0x7d05eb]
V  [jvm.dll+0x7d12e4]
V  [jvm.dll+0x7d17e9]
V  [jvm.dll+0x7d1aa4]
V  [jvm.dll+0x7d1b70]
V  [jvm.dll+0x779b4a]
V  [jvm.dll+0x667666]
C  [ucrtbase.dll+0x21bb2]
C  [KERNEL32.DLL+0x17034]
C  [ntdll.dll+0x52651]

VM_Operation (0x00000073a24f4f10): G1CollectForAllocation, mode: safepoint, requested by thread 0x0000021ddea17080


---------------  P R O C E S S  ---------------

Threads class SMR info:
_java_thread_list=0x0000021de004f990, length=21, elements={
0x0000021dc2e77040, 0x0000021ddc427650, 0x0000021ddc4286a0, 0x0000021ddc438e80,
0x0000021ddc44f2f0, 0x0000021ddc4503a0, 0x0000021ddd025c90, 0x0000021ddd026d40,
0x0000021ddd027e30, 0x0000021ddc394310, 0x0000021ddd271290, 0x0000021ddda80530,
0x0000021ddda6b8d0, 0x0000021dddae6030, 0x0000021dde99cd70, 0x0000021dde94d790,
0x0000021dddbfdd20, 0x0000021dde9e93a0, 0x0000021dde99edf0, 0x0000021ddea17080,
0x0000021ddea155f0
}

Java Threads: ( => current thread )
  0x0000021dc2e77040 JavaThread "main" [_thread_blocked, id=5596, stack(0x00000073a0500000,0x00000073a0600000)]
  0x0000021ddc427650 JavaThread "Reference Handler" daemon [_thread_blocked, id=5396, stack(0x00000073a0c00000,0x00000073a0d00000)]
  0x0000021ddc4286a0 JavaThread "Finalizer" daemon [_thread_blocked, id=11968, stack(0x00000073a0d00000,0x00000073a0e00000)]
  0x0000021ddc438e80 JavaThread "Signal Dispatcher" daemon [_thread_blocked, id=14324, stack(0x00000073a0e00000,0x00000073a0f00000)]
  0x0000021ddc44f2f0 JavaThread "Attach Listener" daemon [_thread_blocked, id=8948, stack(0x00000073a0f00000,0x00000073a1000000)]
  0x0000021ddc4503a0 JavaThread "Service Thread" daemon [_thread_blocked, id=9352, stack(0x00000073a1000000,0x00000073a1100000)]
  0x0000021ddd025c90 JavaThread "Monitor Deflation Thread" daemon [_thread_blocked, id=9624, stack(0x00000073a1100000,0x00000073a1200000)]
  0x0000021ddd026d40 JavaThread "C1 CompilerThread0" daemon [_thread_blocked, id=7600, stack(0x00000073a1200000,0x00000073a1300000)]
  0x0000021ddd027e30 JavaThread "Sweeper thread" daemon [_thread_blocked, id=5276, stack(0x00000073a1300000,0x00000073a1400000)]
  0x0000021ddc394310 JavaThread "Common-Cleaner" daemon [_thread_blocked, id=6420, stack(0x00000073a1400000,0x00000073a1500000)]
  0x0000021ddd271290 JavaThread "Notification Thread" daemon [_thread_blocked, id=124, stack(0x00000073a1500000,0x00000073a1600000)]
  0x0000021ddda80530 JavaThread "RMI TCP Accept-0" daemon [_thread_in_native, id=12160, stack(0x00000073a1600000,0x00000073a1700000)]
  0x0000021ddda6b8d0 JavaThread "RMI TCP Accept-55242" daemon [_thread_in_native, id=9600, stack(0x00000073a1700000,0x00000073a1800000)]
  0x0000021dddae6030 JavaThread "RMI TCP Accept-0" daemon [_thread_in_native, id=3864, stack(0x00000073a1d00000,0x00000073a1e00000)]
  0x0000021dde99cd70 JavaThread "RMI TCP Connection(1)-127.0.0.1" daemon [_thread_in_native, id=11816, stack(0x00000073a1f00000,0x00000073a2000000)]
  0x0000021dde94d790 JavaThread "RMI Scheduler(0)" daemon [_thread_blocked, id=8728, stack(0x00000073a2000000,0x00000073a2100000)]
  0x0000021dddbfdd20 JavaThread "RMI TCP Connection(2)-127.0.0.1" daemon [_thread_in_native, id=8200, stack(0x00000073a2100000,0x00000073a2200000)]
  0x0000021dde9e93a0 JavaThread "JMX server connection timeout 22" daemon [_thread_blocked, id=9248, stack(0x00000073a2200000,0x00000073a2300000)]
  0x0000021dde99edf0 JavaThread "Thread-0" [_thread_blocked, id=6080, stack(0x00000073a2300000,0x00000073a2400000)]
  0x0000021ddea17080 JavaThread "restartedMain" [_thread_blocked, id=6900, stack(0x00000073a2400000,0x00000073a2500000)]
  0x0000021ddea155f0 JavaThread "mysql-cj-abandoned-connection-cleanup" daemon [_thread_blocked, id=14148, stack(0x00000073a2500000,0x00000073a2600000)]

Other Threads:
=>0x0000021ddc411370 VMThread "VM Thread" [stack: 0x00000073a0b00000,0x00000073a0c00000] [id=11416]
  0x0000021dc2e781e0 WatcherThread [stack: 0x00000073a1e00000,0x00000073a1f00000] [id=5792]
  0x0000021dc2eb5cf0 GCTaskThread "GC Thread#0" [stack: 0x00000073a0600000,0x00000073a0700000] [id=14176]
  0x0000021ddda6d550 GCTaskThread "GC Thread#1" [stack: 0x00000073a1800000,0x00000073a1900000] [id=14080]
  0x0000021ddda6d860 GCTaskThread "GC Thread#2" [stack: 0x00000073a1900000,0x00000073a1a00000] [id=6396]
  0x0000021dddac8960 GCTaskThread "GC Thread#3" [stack: 0x00000073a1a00000,0x00000073a1b00000] [id=13436]
  0x0000021dc2ec6ac0 ConcurrentGCThread "G1 Main Marker" [stack: 0x00000073a0700000,0x00000073a0800000] [id=13692]
  0x0000021dc2ec74c0 ConcurrentGCThread "G1 Conc#0" [stack: 0x00000073a0800000,0x00000073a0900000] [id=3972]
  0x0000021dc2f30da0 ConcurrentGCThread "G1 Refine#0" [stack: 0x00000073a0900000,0x00000073a0a00000] [id=12832]
  0x0000021ddda6db70 ConcurrentGCThread "G1 Refine#1" [stack: 0x00000073a1b00000,0x00000073a1c00000] [id=4812]
  0x0000021ddd601800 ConcurrentGCThread "G1 Refine#2" [stack: 0x00000073a1c00000,0x00000073a1d00000] [id=14104]
  0x0000021ddc270090 ConcurrentGCThread "G1 Service" [stack: 0x00000073a0a00000,0x00000073a0b00000] [id=10416]

Threads with active compile tasks:

VM state: at safepoint (normal execution)

VM Mutex/Monitor currently owned by a thread:  ([mutex/lock_event])
[0x0000021dc2e73280] Threads_lock - owner thread: 0x0000021ddc411370
[0x0000021dc2e734c0] Heap_lock - owner thread: 0x0000021ddea17080

Heap address: 0x0000000081400000, size: 2028 MB, Compressed Oops mode: 32-bit

CDS disabled.
Compressed class space mapped at: 0x0000000100000000-0x0000000140000000, reserved size: 1073741824
Narrow klass base: 0x0000000000000000, Narrow klass shift: 3, Narrow klass range: 0x140000000

GC Precious Log:
 CPUs: 4 total, 4 available
 Memory: 8105M
 Large Page Support: Disabled
 NUMA Support: Disabled
 Compressed Oops: Enabled (32-bit)
 Heap Region Size: 1M
 Heap Min Capacity: 8M
 Heap Initial Capacity: 128M
 Heap Max Capacity: 2028M
 Pre-touch: Disabled
 Parallel Workers: 4
 Concurrent Workers: 1
 Concurrent Refinement Workers: 4
 Periodic GC: Disabled

Heap:
 garbage-first heap   total 131072K, used 20817K [0x0000000081400000, 0x0000000100000000)
  region size 1024K, 2 young (2048K), 2 survivors (2048K)
 Metaspace       used 36838K, committed 37248K, reserved 1089536K
  class space    used 4673K, committed 4864K, reserved 1048576K

Heap Regions: E=young(eden), S=young(survivor), O=old, HS=humongous(starts), HC=humongous(continues), CS=collection set, F=free, OA=open archive, CA=closed archive, TAMS=top-at-mark-start (previous, next)
|   0|0x0000000081400000, 0x0000000081500000, 0x0000000081500000|100%|HS|  |TAMS 0x0000000081500000, 0x0000000081400000| Complete 
|   1|0x0000000081500000, 0x0000000081600000, 0x0000000081600000|100%| O|  |TAMS 0x0000000081600000, 0x0000000081500000| Untracked 
|   2|0x0000000081600000, 0x0000000081700000, 0x0000000081700000|100%| O|  |TAMS 0x0000000081700000, 0x0000000081600000| Untracked 
|   3|0x0000000081700000, 0x0000000081800000, 0x0000000081800000|100%| O|  |TAMS 0x0000000081800000, 0x0000000081700000| Untracked 
|   4|0x0000000081800000, 0x0000000081900000, 0x0000000081900000|100%| O|  |TAMS 0x0000000081900000, 0x0000000081800000| Untracked 
|   5|0x0000000081900000, 0x0000000081a00000, 0x0000000081a00000|100%| O|  |TAMS 0x0000000081a00000, 0x0000000081900000| Untracked 
|   6|0x0000000081a00000, 0x0000000081b00000, 0x0000000081b00000|100%| O|  |TAMS 0x0000000081b00000, 0x0000000081a00000| Untracked 
|   7|0x0000000081b00000, 0x0000000081c00000, 0x0000000081c00000|100%| O|  |TAMS 0x0000000081c00000, 0x0000000081b00000| Untracked 
|   8|0x0000000081c00000, 0x0000000081d00000, 0x0000000081d00000|100%| O|  |TAMS 0x0000000081d00000, 0x0000000081c00000| Untracked 
|   9|0x0000000081d00000, 0x0000000081e00000, 0x0000000081e00000|100%| O|  |TAMS 0x0000000081e00000, 0x0000000081d00000| Untracked 
|  10|0x0000000081e00000, 0x0000000081f00000, 0x0000000081f00000|100%| O|  |TAMS 0x0000000081f00000, 0x0000000081e00000| Untracked 
|  11|0x0000000081f00000, 0x0000000082000000, 0x0000000082000000|100%| O|  |TAMS 0x0000000082000000, 0x0000000081f00000| Untracked 
|  12|0x0000000082000000, 0x0000000082100000, 0x0000000082100000|100%| O|  |TAMS 0x00000000820ec400, 0x0000000082000000| Untracked 
|  13|0x0000000082100000, 0x0000000082200000, 0x0000000082200000|100%| O|  |TAMS 0x0000000082100000, 0x0000000082100000| Untracked 
|  14|0x0000000082200000, 0x0000000082300000, 0x0000000082300000|100%| O|  |TAMS 0x0000000082200000, 0x0000000082200000| Untracked 
|  15|0x0000000082300000, 0x0000000082400000, 0x0000000082400000|100%| O|  |TAMS 0x0000000082300000, 0x0000000082300000| Untracked 
|  16|0x0000000082400000, 0x0000000082500000, 0x0000000082500000|100%| O|  |TAMS 0x0000000082400000, 0x0000000082400000| Untracked 
|  17|0x0000000082500000, 0x0000000082600000, 0x0000000082600000|100%| O|  |TAMS 0x0000000082500000, 0x0000000082500000| Untracked 
|  18|0x0000000082600000, 0x0000000082700000, 0x0000000082700000|100%| O|  |TAMS 0x0000000082600000, 0x0000000082600000| Untracked 
|  19|0x0000000082700000, 0x0000000082733c00, 0x0000000082800000| 20%| O|  |TAMS 0x0000000082700000, 0x0000000082700000| Untracked 
|  20|0x0000000082800000, 0x0000000082800000, 0x0000000082900000|  0%| F|  |TAMS 0x0000000082800000, 0x0000000082800000| Untracked 
|  21|0x0000000082900000, 0x0000000082900000, 0x0000000082a00000|  0%| F|  |TAMS 0x0000000082900000, 0x0000000082900000| Untracked 
|  22|0x0000000082a00000, 0x0000000082a00000, 0x0000000082b00000|  0%| F|  |TAMS 0x0000000082a00000, 0x0000000082a00000| Untracked 
|  23|0x0000000082b00000, 0x0000000082b00000, 0x0000000082c00000|  0%| F|  |TAMS 0x0000000082b00000, 0x0000000082b00000| Untracked 
|  24|0x0000000082c00000, 0x0000000082c00000, 0x0000000082d00000|  0%| F|  |TAMS 0x0000000082c00000, 0x0000000082c00000| Untracked 
|  25|0x0000000082d00000, 0x0000000082d00000, 0x0000000082e00000|  0%| F|  |TAMS 0x0000000082d00000, 0x0000000082d00000| Untracked 
|  26|0x0000000082e00000, 0x0000000082e00000, 0x0000000082f00000|  0%| F|  |TAMS 0x0000000082e00000, 0x0000000082e00000| Untracked 
|  27|0x0000000082f00000, 0x0000000082f00000, 0x0000000083000000|  0%| F|  |TAMS 0x0000000082f00000, 0x0000000082f00000| Untracked 
|  28|0x0000000083000000, 0x00000000830209a0, 0x0000000083100000| 12%| S|CS|TAMS 0x0000000083000000, 0x0000000083000000| Complete 
|  29|0x0000000083100000, 0x0000000083200000, 0x0000000083200000|100%| S|CS|TAMS 0x0000000083100000, 0x0000000083100000| Complete 
|  30|0x0000000083200000, 0x0000000083200000, 0x0000000083300000|  0%| F|  |TAMS 0x0000000083200000, 0x0000000083200000| Untracked 
|  31|0x0000000083300000, 0x0000000083300000, 0x0000000083400000|  0%| F|  |TAMS 0x0000000083300000, 0x0000000083300000| Untracked 
|  32|0x0000000083400000, 0x0000000083400000, 0x0000000083500000|  0%| F|  |TAMS 0x0000000083400000, 0x0000000083400000| Untracked 
|  33|0x0000000083500000, 0x0000000083500000, 0x0000000083600000|  0%| F|  |TAMS 0x0000000083500000, 0x0000000083500000| Untracked 
|  34|0x0000000083600000, 0x0000000083600000, 0x0000000083700000|  0%| F|  |TAMS 0x0000000083600000, 0x0000000083600000| Untracked 
|  35|0x0000000083700000, 0x0000000083700000, 0x0000000083800000|  0%| F|  |TAMS 0x0000000083700000, 0x0000000083700000| Untracked 
|  36|0x0000000083800000, 0x0000000083800000, 0x0000000083900000|  0%| F|  |TAMS 0x0000000083800000, 0x0000000083800000| Untracked 
|  37|0x0000000083900000, 0x0000000083900000, 0x0000000083a00000|  0%| F|  |TAMS 0x0000000083900000, 0x0000000083900000| Untracked 
|  38|0x0000000083a00000, 0x0000000083a00000, 0x0000000083b00000|  0%| F|  |TAMS 0x0000000083a00000, 0x0000000083a00000| Untracked 
|  39|0x0000000083b00000, 0x0000000083b00000, 0x0000000083c00000|  0%| F|  |TAMS 0x0000000083b00000, 0x0000000083b00000| Untracked 
|  40|0x0000000083c00000, 0x0000000083c00000, 0x0000000083d00000|  0%| F|  |TAMS 0x0000000083c00000, 0x0000000083c00000| Untracked 
|  41|0x0000000083d00000, 0x0000000083d00000, 0x0000000083e00000|  0%| F|  |TAMS 0x0000000083d00000, 0x0000000083d00000| Untracked 
|  42|0x0000000083e00000, 0x0000000083e00000, 0x0000000083f00000|  0%| F|  |TAMS 0x0000000083e00000, 0x0000000083e00000| Untracked 
|  43|0x0000000083f00000, 0x0000000083f00000, 0x0000000084000000|  0%| F|  |TAMS 0x0000000083f00000, 0x0000000083f00000| Untracked 
|  44|0x0000000084000000, 0x0000000084000000, 0x0000000084100000|  0%| F|  |TAMS 0x0000000084000000, 0x0000000084000000| Untracked 
|  45|0x0000000084100000, 0x0000000084100000, 0x0000000084200000|  0%| F|  |TAMS 0x0000000084100000, 0x0000000084100000| Untracked 
|  46|0x0000000084200000, 0x0000000084200000, 0x0000000084300000|  0%| F|  |TAMS 0x0000000084200000, 0x0000000084200000| Untracked 
|  47|0x0000000084300000, 0x0000000084300000, 0x0000000084400000|  0%| F|  |TAMS 0x0000000084300000, 0x0000000084300000| Untracked 
|  48|0x0000000084400000, 0x0000000084400000, 0x0000000084500000|  0%| F|  |TAMS 0x0000000084400000, 0x0000000084400000| Untracked 
|  49|0x0000000084500000, 0x0000000084500000, 0x0000000084600000|  0%| F|  |TAMS 0x0000000084500000, 0x0000000084500000| Untracked 
|  50|0x0000000084600000, 0x0000000084600000, 0x0000000084700000|  0%| F|  |TAMS 0x0000000084600000, 0x0000000084600000| Untracked 
|  51|0x0000000084700000, 0x0000000084700000, 0x0000000084800000|  0%| F|  |TAMS 0x0000000084700000, 0x0000000084700000| Untracked 
|  52|0x0000000084800000, 0x0000000084800000, 0x0000000084900000|  0%| F|  |TAMS 0x0000000084800000, 0x0000000084800000| Untracked 
|  53|0x0000000084900000, 0x0000000084900000, 0x0000000084a00000|  0%| F|  |TAMS 0x0000000084900000, 0x0000000084900000| Untracked 
|  54|0x0000000084a00000, 0x0000000084a00000, 0x0000000084b00000|  0%| F|  |TAMS 0x0000000084a00000, 0x0000000084a00000| Untracked 
|  55|0x0000000084b00000, 0x0000000084b00000, 0x0000000084c00000|  0%| F|  |TAMS 0x0000000084b00000, 0x0000000084b00000| Untracked 
|  56|0x0000000084c00000, 0x0000000084c00000, 0x0000000084d00000|  0%| F|  |TAMS 0x0000000084c00000, 0x0000000084c00000| Untracked 
|  57|0x0000000084d00000, 0x0000000084d00000, 0x0000000084e00000|  0%| F|  |TAMS 0x0000000084d00000, 0x0000000084d00000| Untracked 
|  58|0x0000000084e00000, 0x0000000084e00000, 0x0000000084f00000|  0%| F|  |TAMS 0x0000000084e00000, 0x0000000084e00000| Untracked 
|  59|0x0000000084f00000, 0x0000000084f00000, 0x0000000085000000|  0%| F|  |TAMS 0x0000000084f00000, 0x0000000084f00000| Untracked 
|  60|0x0000000085000000, 0x0000000085000000, 0x0000000085100000|  0%| F|  |TAMS 0x0000000085000000, 0x0000000085000000| Untracked 
|  61|0x0000000085100000, 0x0000000085100000, 0x0000000085200000|  0%| F|  |TAMS 0x0000000085100000, 0x0000000085100000| Untracked 
|  62|0x0000000085200000, 0x0000000085200000, 0x0000000085300000|  0%| F|  |TAMS 0x0000000085200000, 0x0000000085200000| Untracked 
|  63|0x0000000085300000, 0x0000000085300000, 0x0000000085400000|  0%| F|  |TAMS 0x0000000085300000, 0x0000000085300000| Untracked 
|  64|0x0000000085400000, 0x0000000085400000, 0x0000000085500000|  0%| F|  |TAMS 0x0000000085400000, 0x0000000085400000| Untracked 
|  65|0x0000000085500000, 0x0000000085500000, 0x0000000085600000|  0%| F|  |TAMS 0x0000000085500000, 0x0000000085500000| Untracked 
|  66|0x0000000085600000, 0x0000000085600000, 0x0000000085700000|  0%| F|  |TAMS 0x0000000085600000, 0x0000000085600000| Untracked 
|  67|0x0000000085700000, 0x0000000085700000, 0x0000000085800000|  0%| F|  |TAMS 0x0000000085700000, 0x0000000085700000| Untracked 
|  68|0x0000000085800000, 0x0000000085800000, 0x0000000085900000|  0%| F|  |TAMS 0x0000000085800000, 0x0000000085800000| Untracked 
|  69|0x0000000085900000, 0x0000000085900000, 0x0000000085a00000|  0%| F|  |TAMS 0x0000000085900000, 0x0000000085900000| Untracked 
|  70|0x0000000085a00000, 0x0000000085a00000, 0x0000000085b00000|  0%| F|  |TAMS 0x0000000085a00000, 0x0000000085a00000| Untracked 
|  71|0x0000000085b00000, 0x0000000085b00000, 0x0000000085c00000|  0%| F|  |TAMS 0x0000000085b00000, 0x0000000085b00000| Untracked 
|  72|0x0000000085c00000, 0x0000000085c00000, 0x0000000085d00000|  0%| F|  |TAMS 0x0000000085c00000, 0x0000000085c00000| Untracked 
|  73|0x0000000085d00000, 0x0000000085d00000, 0x0000000085e00000|  0%| F|  |TAMS 0x0000000085d00000, 0x0000000085d00000| Untracked 
|  74|0x0000000085e00000, 0x0000000085e00000, 0x0000000085f00000|  0%| F|  |TAMS 0x0000000085e00000, 0x0000000085e00000| Untracked 
|  75|0x0000000085f00000, 0x0000000085f00000, 0x0000000086000000|  0%| F|  |TAMS 0x0000000085f00000, 0x0000000085f00000| Untracked 
|  76|0x0000000086000000, 0x0000000086000000, 0x0000000086100000|  0%| F|  |TAMS 0x0000000086000000, 0x0000000086000000| Untracked 
|  77|0x0000000086100000, 0x0000000086100000, 0x0000000086200000|  0%| F|  |TAMS 0x0000000086100000, 0x0000000086100000| Untracked 
|  78|0x0000000086200000, 0x0000000086200000, 0x0000000086300000|  0%| F|  |TAMS 0x0000000086200000, 0x0000000086200000| Untracked 
|  79|0x0000000086300000, 0x0000000086300000, 0x0000000086400000|  0%| F|  |TAMS 0x0000000086300000, 0x0000000086300000| Untracked 
|  80|0x0000000086400000, 0x0000000086400000, 0x0000000086500000|  0%| F|  |TAMS 0x0000000086400000, 0x0000000086400000| Untracked 
|  81|0x0000000086500000, 0x0000000086500000, 0x0000000086600000|  0%| F|  |TAMS 0x0000000086500000, 0x0000000086500000| Untracked 
|  82|0x0000000086600000, 0x0000000086600000, 0x0000000086700000|  0%| F|  |TAMS 0x0000000086600000, 0x0000000086600000| Untracked 
|  83|0x0000000086700000, 0x0000000086700000, 0x0000000086800000|  0%| F|  |TAMS 0x0000000086700000, 0x0000000086700000| Untracked 
|  84|0x0000000086800000, 0x0000000086800000, 0x0000000086900000|  0%| F|  |TAMS 0x0000000086800000, 0x0000000086800000| Untracked 
|  85|0x0000000086900000, 0x0000000086900000, 0x0000000086a00000|  0%| F|  |TAMS 0x0000000086900000, 0x0000000086900000| Untracked 
|  86|0x0000000086a00000, 0x0000000086a00000, 0x0000000086b00000|  0%| F|  |TAMS 0x0000000086a00000, 0x0000000086a00000| Untracked 
|  87|0x0000000086b00000, 0x0000000086b00000, 0x0000000086c00000|  0%| F|  |TAMS 0x0000000086b00000, 0x0000000086b00000| Untracked 
|  88|0x0000000086c00000, 0x0000000086c00000, 0x0000000086d00000|  0%| F|  |TAMS 0x0000000086c00000, 0x0000000086c00000| Untracked 
|  89|0x0000000086d00000, 0x0000000086d00000, 0x0000000086e00000|  0%| F|  |TAMS 0x0000000086d00000, 0x0000000086d00000| Untracked 
|  90|0x0000000086e00000, 0x0000000086e00000, 0x0000000086f00000|  0%| F|  |TAMS 0x0000000086e00000, 0x0000000086e00000| Untracked 
|  91|0x0000000086f00000, 0x0000000086f00000, 0x0000000087000000|  0%| F|  |TAMS 0x0000000086f00000, 0x0000000086f00000| Untracked 
|  92|0x0000000087000000, 0x0000000087000000, 0x0000000087100000|  0%| F|  |TAMS 0x0000000087000000, 0x0000000087000000| Untracked 
|  93|0x0000000087100000, 0x0000000087100000, 0x0000000087200000|  0%| F|  |TAMS 0x0000000087100000, 0x0000000087100000| Untracked 
|  94|0x0000000087200000, 0x0000000087200000, 0x0000000087300000|  0%| F|  |TAMS 0x0000000087200000, 0x0000000087200000| Untracked 
|  95|0x0000000087300000, 0x0000000087300000, 0x0000000087400000|  0%| F|  |TAMS 0x0000000087300000, 0x0000000087300000| Untracked 
|  96|0x0000000087400000, 0x0000000087400000, 0x0000000087500000|  0%| F|  |TAMS 0x0000000087400000, 0x0000000087400000| Untracked 
|  97|0x0000000087500000, 0x0000000087500000, 0x0000000087600000|  0%| F|  |TAMS 0x0000000087500000, 0x0000000087500000| Untracked 
|  98|0x0000000087600000, 0x0000000087600000, 0x0000000087700000|  0%| F|  |TAMS 0x0000000087600000, 0x0000000087600000| Untracked 
|  99|0x0000000087700000, 0x0000000087700000, 0x0000000087800000|  0%| F|  |TAMS 0x0000000087700000, 0x0000000087700000| Untracked 
| 100|0x0000000087800000, 0x0000000087800000, 0x0000000087900000|  0%| F|  |TAMS 0x0000000087800000, 0x0000000087800000| Untracked 
| 101|0x0000000087900000, 0x0000000087900000, 0x0000000087a00000|  0%| F|  |TAMS 0x0000000087900000, 0x0000000087900000| Untracked 
| 102|0x0000000087a00000, 0x0000000087a00000, 0x0000000087b00000|  0%| F|  |TAMS 0x0000000087a00000, 0x0000000087a00000| Untracked 
| 103|0x0000000087b00000, 0x0000000087b00000, 0x0000000087c00000|  0%| F|  |TAMS 0x0000000087b00000, 0x0000000087b00000| Untracked 
| 104|0x0000000087c00000, 0x0000000087c00000, 0x0000000087d00000|  0%| F|  |TAMS 0x0000000087c00000, 0x0000000087c00000| Untracked 
| 105|0x0000000087d00000, 0x0000000087d00000, 0x0000000087e00000|  0%| F|  |TAMS 0x0000000087d00000, 0x0000000087d00000| Untracked 
| 106|0x0000000087e00000, 0x0000000087e00000, 0x0000000087f00000|  0%| F|  |TAMS 0x0000000087e00000, 0x0000000087e00000| Untracked 
| 107|0x0000000087f00000, 0x0000000087f00000, 0x0000000088000000|  0%| F|  |TAMS 0x0000000087f00000, 0x0000000087f00000| Untracked 
| 108|0x0000000088000000, 0x0000000088000000, 0x0000000088100000|  0%| F|  |TAMS 0x0000000088000000, 0x0000000088000000| Untracked 
| 109|0x0000000088100000, 0x0000000088100000, 0x0000000088200000|  0%| F|  |TAMS 0x0000000088100000, 0x0000000088100000| Untracked 
| 110|0x0000000088200000, 0x0000000088200000, 0x0000000088300000|  0%| F|  |TAMS 0x0000000088200000, 0x0000000088200000| Untracked 
| 111|0x0000000088300000, 0x0000000088300000, 0x0000000088400000|  0%| F|  |TAMS 0x0000000088300000, 0x0000000088300000| Untracked 
| 112|0x0000000088400000, 0x0000000088400000, 0x0000000088500000|  0%| F|  |TAMS 0x0000000088400000, 0x0000000088400000| Untracked 
| 113|0x0000000088500000, 0x0000000088500000, 0x0000000088600000|  0%| F|  |TAMS 0x0000000088500000, 0x0000000088500000| Untracked 
| 114|0x0000000088600000, 0x0000000088600000, 0x0000000088700000|  0%| F|  |TAMS 0x0000000088600000, 0x0000000088600000| Untracked 
| 115|0x0000000088700000, 0x0000000088700000, 0x0000000088800000|  0%| F|  |TAMS 0x0000000088700000, 0x0000000088700000| Untracked 
| 116|0x0000000088800000, 0x0000000088800000, 0x0000000088900000|  0%| F|  |TAMS 0x0000000088800000, 0x0000000088800000| Untracked 
| 117|0x0000000088900000, 0x0000000088900000, 0x0000000088a00000|  0%| F|  |TAMS 0x0000000088900000, 0x0000000088900000| Untracked 
| 118|0x0000000088a00000, 0x0000000088a00000, 0x0000000088b00000|  0%| F|  |TAMS 0x0000000088a00000, 0x0000000088a00000| Untracked 
| 119|0x0000000088b00000, 0x0000000088b00000, 0x0000000088c00000|  0%| F|  |TAMS 0x0000000088b00000, 0x0000000088b00000| Untracked 
| 120|0x0000000088c00000, 0x0000000088c00000, 0x0000000088d00000|  0%| F|  |TAMS 0x0000000088c00000, 0x0000000088c00000| Untracked 
| 121|0x0000000088d00000, 0x0000000088d00000, 0x0000000088e00000|  0%| F|  |TAMS 0x0000000088d00000, 0x0000000088d00000| Untracked 
| 122|0x0000000088e00000, 0x0000000088e00000, 0x0000000088f00000|  0%| F|  |TAMS 0x0000000088e00000, 0x0000000088e00000| Untracked 
| 123|0x0000000088f00000, 0x0000000088f00000, 0x0000000089000000|  0%| F|  |TAMS 0x0000000088f00000, 0x0000000088f00000| Untracked 
| 124|0x0000000089000000, 0x0000000089000000, 0x0000000089100000|  0%| F|  |TAMS 0x0000000089000000, 0x0000000089000000| Untracked 
| 125|0x0000000089100000, 0x0000000089100000, 0x0000000089200000|  0%| F|  |TAMS 0x0000000089100000, 0x0000000089100000| Untracked 
| 126|0x0000000089200000, 0x0000000089200000, 0x0000000089300000|  0%| F|  |TAMS 0x0000000089200000, 0x0000000089200000| Untracked 
| 127|0x0000000089300000, 0x0000000089300000, 0x0000000089400000|  0%| F|  |TAMS 0x0000000089300000, 0x0000000089300000| Untracked 

Card table byte_map: [0x0000021dd57d0000,0x0000021dd5bd0000] _byte_map_base: 0x0000021dd53c6000

Marking Bits (Prev, Next): (CMBitMap*) 0x0000021dc2eb62f0, (CMBitMap*) 0x0000021dc2eb6330
 Prev Bits: [0x0000021dd5fd0000, 0x0000021dd7f80000)
 Next Bits: [0x0000021dd7f80000, 0x0000021dd9f30000)

Polling page: 0x0000021dc0de0000

Metaspace:

Usage:
  Non-class:     31.41 MB used.
      Class:      4.56 MB used.
       Both:     35.97 MB used.

Virtual space:
  Non-class space:       40.00 MB reserved,      31.62 MB ( 79%) committed,  5 nodes.
      Class space:        1.00 GB reserved,       4.75 MB ( <1%) committed,  1 nodes.
              Both:        1.04 GB reserved,      36.38 MB (  3%) committed. 

Chunk freelists:
   Non-Class:  3.92 MB
       Class:  3.13 MB
        Both:  7.05 MB

MaxMetaspaceSize: 17179869184.00 GB
CompressedClassSpaceSize: 1.00 GB
 - commit_granule_bytes: 65536.
 - commit_granule_words: 8192.
 - virtual_space_node_default_size: 1048576.
 - enlarge_chunks_in_place: 1.
 - new_chunks_are_fully_committed: 0.
 - uncommit_free_chunks: 1.
 - use_allocation_guard: 0.
 - handle_deallocations: 1.


Internal statistics:

num_allocs_failed_limit: 8.
num_arena_births: 440.
num_arena_deaths: 0.
num_vsnodes_births: 6.
num_vsnodes_deaths: 0.
num_space_committed: 582.
num_space_uncommitted: 0.
num_chunks_returned_to_freelist: 8.
num_chunks_taken_from_freelist: 1444.
num_chunk_merges: 8.
num_chunk_splits: 965.
num_chunks_enlarged: 692.
num_purges: 0.

CodeHeap 'non-profiled nmethods': size=238912Kb used=6485Kb max_used=6485Kb free=232426Kb
 bounds [0x0000021dc6a80000, 0x0000021dc70e0000, 0x0000021dd53d0000]
CodeHeap 'non-nmethods': size=6848Kb used=1186Kb max_used=1186Kb free=5662Kb
 bounds [0x0000021dc63d0000, 0x0000021dc6640000, 0x0000021dc6a80000]
 total_blobs=4470 nmethods=3991 adapters=406
 compilation: enabled
              stopped_count=0, restarted_count=0
 full_count=0

Compilation events (20 events):
Event: 4.111 Thread 0x0000021ddd026d40 3982       1       org.springframework.core.ResolvableType$1::<init> (12 bytes)
Event: 4.112 Thread 0x0000021ddd026d40 nmethod 3982 0x0000021dc70d2510 code [0x0000021dc70d26c0, 0x0000021dc70d27e8]
Event: 4.112 Thread 0x0000021ddd026d40 3983       1       org.springframework.core.ResolvableType::<init> (6 bytes)
Event: 4.112 Thread 0x0000021ddd026d40 nmethod 3983 0x0000021dc70d2890 code [0x0000021dc70d2a20, 0x0000021dc70d2b08]
Event: 4.112 Thread 0x0000021ddd026d40 3984       1       java.lang.ThreadLocal::set (30 bytes)
Event: 4.113 Thread 0x0000021ddd026d40 nmethod 3984 0x0000021dc70d2b90 code [0x0000021dc70d2d40, 0x0000021dc70d2f58]
Event: 4.113 Thread 0x0000021ddd026d40 3986       1       org.springframework.context.support.GenericApplicationContext::getBeanFactory (5 bytes)
Event: 4.113 Thread 0x0000021ddd026d40 nmethod 3986 0x0000021dc70d3090 code [0x0000021dc70d3220, 0x0000021dc70d32f8]
Event: 4.113 Thread 0x0000021ddd026d40 3985       1       org.springframework.boot.context.properties.bind.Bindable::getValue (5 bytes)
Event: 4.113 Thread 0x0000021ddd026d40 nmethod 3985 0x0000021dc70d3390 code [0x0000021dc70d3520, 0x0000021dc70d35f8]
Event: 4.114 Thread 0x0000021ddd026d40 3987       1       org.springframework.boot.context.properties.bind.BindHandler::onFinish (1 bytes)
Event: 4.114 Thread 0x0000021ddd026d40 nmethod 3987 0x0000021dc70d3690 code [0x0000021dc70d3820, 0x0000021dc70d38d8]
Event: 4.114 Thread 0x0000021ddd026d40 3988       1       java.util.Arrays::sort (37 bytes)
Event: 4.115 Thread 0x0000021ddd026d40 nmethod 3988 0x0000021dc70d3990 code [0x0000021dc70d3b40, 0x0000021dc70d3c98]
Event: 4.115 Thread 0x0000021ddd026d40 3989       1       org.springframework.boot.context.properties.bind.DataObjectPropertyName::toDashedForm (147 bytes)
Event: 4.116 Thread 0x0000021ddd026d40 nmethod 3989 0x0000021dc70d3d90 code [0x0000021dc70d4000, 0x0000021dc70d4698]
Event: 4.116 Thread 0x0000021ddd026d40 3990       1       org.springframework.core.convert.support.GenericConversionService::getConverter (106 bytes)
Event: 4.116 Thread 0x0000021ddd026d40 nmethod 3990 0x0000021dc70d4b10 code [0x0000021dc70d4d20, 0x0000021dc70d5128]
Event: 4.116 Thread 0x0000021ddd026d40 3991       1       org.springframework.core.convert.support.GenericConversionService$ConverterCacheKey::<init> (15 bytes)
Event: 4.116 Thread 0x0000021ddd026d40 nmethod 3991 0x0000021dc70d5310 code [0x0000021dc70d54a0, 0x0000021dc70d55f8]

GC Heap History (20 events):
Event: 1.511 GC heap after
{Heap after GC invocations=4 (full 0):
 garbage-first heap   total 131072K, used 11409K [0x0000000081400000, 0x0000000100000000)
  region size 1024K, 4 young (4096K), 4 survivors (4096K)
 Metaspace       used 20976K, committed 21248K, reserved 1073152K
  class space    used 2421K, committed 2560K, reserved 1048576K
}
Event: 2.077 GC heap before
{Heap before GC invocations=5 (full 0):
 garbage-first heap   total 45056K, used 43153K [0x0000000081400000, 0x0000000100000000)
  region size 1024K, 36 young (36864K), 4 survivors (4096K)
 Metaspace       used 26485K, committed 26816K, reserved 1073152K
  class space    used 3134K, committed 3264K, reserved 1048576K
}
Event: 2.083 GC heap after
{Heap after GC invocations=6 (full 0):
 garbage-first heap   total 50176K, used 13312K [0x0000000081400000, 0x0000000100000000)
  region size 1024K, 5 young (5120K), 5 survivors (5120K)
 Metaspace       used 26485K, committed 26816K, reserved 1073152K
  class space    used 3134K, committed 3264K, reserved 1048576K
}
Event: 2.288 GC heap before
{Heap before GC invocations=6 (full 0):
 garbage-first heap   total 50176K, used 33792K [0x0000000081400000, 0x0000000100000000)
  region size 1024K, 26 young (26624K), 5 survivors (5120K)
 Metaspace       used 26674K, committed 27008K, reserved 1081344K
  class space    used 3166K, committed 3328K, reserved 1048576K
}
Event: 2.294 GC heap after
{Heap after GC invocations=7 (full 0):
 garbage-first heap   total 50176K, used 14340K [0x0000000081400000, 0x0000000100000000)
  region size 1024K, 3 young (3072K), 3 survivors (3072K)
 Metaspace       used 26674K, committed 27008K, reserved 1081344K
  class space    used 3166K, committed 3328K, reserved 1048576K
}
Event: 2.297 GC heap before
{Heap before GC invocations=7 (full 0):
 garbage-first heap   total 50176K, used 34820K [0x0000000081400000, 0x0000000100000000)
  region size 1024K, 24 young (24576K), 3 survivors (3072K)
 Metaspace       used 26674K, committed 27008K, reserved 1081344K
  class space    used 3166K, committed 3328K, reserved 1048576K
}
Event: 2.300 GC heap after
{Heap after GC invocations=8 (full 0):
 garbage-first heap   total 60416K, used 14412K [0x0000000081400000, 0x0000000100000000)
  region size 1024K, 2 young (2048K), 2 survivors (2048K)
 Metaspace       used 26674K, committed 27008K, reserved 1081344K
  class space    used 3166K, committed 3328K, reserved 1048576K
}
Event: 2.652 GC heap before
{Heap before GC invocations=8 (full 0):
 garbage-first heap   total 60416K, used 45132K [0x0000000081400000, 0x0000000100000000)
  region size 1024K, 33 young (33792K), 2 survivors (2048K)
 Metaspace       used 28314K, committed 28608K, reserved 1081344K
  class space    used 3405K, committed 3520K, reserved 1048576K
}
Event: 2.655 GC heap after
{Heap after GC invocations=9 (full 0):
 garbage-first heap   total 60416K, used 15574K [0x0000000081400000, 0x0000000100000000)
  region size 1024K, 3 young (3072K), 3 survivors (3072K)
 Metaspace       used 28314K, committed 28608K, reserved 1081344K
  class space    used 3405K, committed 3520K, reserved 1048576K
}
Event: 3.330 GC heap before
{Heap before GC invocations=9 (full 0):
 garbage-first heap   total 60416K, used 46294K [0x0000000081400000, 0x0000000100000000)
  region size 1024K, 33 young (33792K), 3 survivors (3072K)
 Metaspace       used 32052K, committed 32448K, reserved 1081344K
  class space    used 3967K, committed 4160K, reserved 1048576K
}
Event: 3.335 GC heap after
{Heap after GC invocations=10 (full 0):
 garbage-first heap   total 60416K, used 17329K [0x0000000081400000, 0x0000000100000000)
  region size 1024K, 4 young (4096K), 4 survivors (4096K)
 Metaspace       used 32052K, committed 32448K, reserved 1081344K
  class space    used 3967K, committed 4160K, reserved 1048576K
}
Event: 3.719 GC heap before
{Heap before GC invocations=10 (full 0):
 garbage-first heap   total 60416K, used 37809K [0x0000000081400000, 0x0000000100000000)
  region size 1024K, 26 young (26624K), 4 survivors (4096K)
 Metaspace       used 35380K, committed 35776K, reserved 1081344K
  class space    used 4466K, committed 4672K, reserved 1048576K
}
Event: 3.726 GC heap after
{Heap after GC invocations=11 (full 0):
 garbage-first heap   total 60416K, used 19778K [0x0000000081400000, 0x0000000100000000)
  region size 1024K, 5 young (5120K), 5 survivors (5120K)
 Metaspace       used 35380K, committed 35776K, reserved 1081344K
  class space    used 4466K, committed 4672K, reserved 1048576K
}
Event: 3.771 GC heap before
{Heap before GC invocations=12 (full 0):
 garbage-first heap   total 60416K, used 44354K [0x0000000081400000, 0x0000000100000000)
  region size 1024K, 30 young (30720K), 5 survivors (5120K)
 Metaspace       used 35620K, committed 36032K, reserved 1081344K
  class space    used 4490K, committed 4672K, reserved 1048576K
}
Event: 3.777 GC heap after
{Heap after GC invocations=13 (full 0):
 garbage-first heap   total 60416K, used 20483K [0x0000000081400000, 0x0000000100000000)
  region size 1024K, 1 young (1024K), 1 survivors (1024K)
 Metaspace       used 35620K, committed 36032K, reserved 1081344K
  class space    used 4490K, committed 4672K, reserved 1048576K
}
Event: 3.874 GC heap before
{Heap before GC invocations=13 (full 0):
 garbage-first heap   total 60416K, used 46083K [0x0000000081400000, 0x0000000100000000)
  region size 1024K, 27 young (27648K), 1 survivors (1024K)
 Metaspace       used 36026K, committed 36480K, reserved 1081344K
  class space    used 4531K, committed 4736K, reserved 1048576K
}
Event: 3.876 GC heap after
{Heap after GC invocations=14 (full 0):
 garbage-first heap   total 60416K, used 20223K [0x0000000081400000, 0x0000000100000000)
  region size 1024K, 1 young (1024K), 1 survivors (1024K)
 Metaspace       used 36026K, committed 36480K, reserved 1081344K
  class space    used 4531K, committed 4736K, reserved 1048576K
}
Event: 3.879 GC heap before
{Heap before GC invocations=14 (full 0):
 garbage-first heap   total 60416K, used 46847K [0x0000000081400000, 0x0000000100000000)
  region size 1024K, 28 young (28672K), 1 survivors (1024K)
 Metaspace       used 36026K, committed 36480K, reserved 1081344K
  class space    used 4531K, committed 4736K, reserved 1048576K
}
Event: 3.879 GC heap after
{Heap after GC invocations=15 (full 0):
 garbage-first heap   total 60416K, used 20257K [0x0000000081400000, 0x0000000100000000)
  region size 1024K, 1 young (1024K), 1 survivors (1024K)
 Metaspace       used 36026K, committed 36480K, reserved 1081344K
  class space    used 4531K, committed 4736K, reserved 1048576K
}
Event: 4.123 GC heap before
{Heap before GC invocations=15 (full 0):
 garbage-first heap   total 60416K, used 47905K [0x0000000081400000, 0x0000000100000000)
  region size 1024K, 29 young (29696K), 1 survivors (1024K)
 Metaspace       used 36838K, committed 37248K, reserved 1089536K
  class space    used 4673K, committed 4864K, reserved 1048576K
}

Deoptimization events (4 events):
Event: 2.541 Thread 0x0000021ddea17080 DEOPT PACKING pc=0x0000021dc6ee0444 sp=0x00000073a24fd880
Event: 2.541 Thread 0x0000021ddea17080 DEOPT UNPACKING pc=0x0000021dc641dece sp=0x00000073a24fcd20 mode 0
Event: 2.978 Thread 0x0000021ddea17080 DEOPT PACKING pc=0x0000021dc6d89fbc sp=0x00000073a24fcac0
Event: 2.978 Thread 0x0000021ddea17080 DEOPT UNPACKING pc=0x0000021dc641dece sp=0x00000073a24fc018 mode 0

Classes unloaded (0 events):
No events

Classes redefined (0 events):
No events

Internal exceptions (20 events):
Event: 3.987 Thread 0x0000021ddea17080 Exception <a 'java/lang/ClassNotFoundException'{0x0000000083cf2198}: org/springframework/security/config/annotation/web/configuration/WebSecurityConfigurerAdapterCustomizer> (0x0000000083cf2198) 
thrown [t:\workspace\open\src\hotspot\share\classfile\systemDictionary.cpp, line 256]
Event: 3.989 Thread 0x0000021ddea17080 Exception <a 'java/lang/ClassNotFoundException'{0x0000000083b064b0}: com/example/demo/config/SecurityConfigCustomizer> (0x0000000083b064b0) 
thrown [t:\workspace\open\src\hotspot\share\classfile\systemDictionary.cpp, line 256]
Event: 3.990 Thread 0x0000021ddea17080 Exception <a 'java/lang/ClassNotFoundException'{0x0000000083b124e8}: com/example/demo/config/SecurityConfig$$EnhancerBySpringCGLIB$$331cc808Customizer> (0x0000000083b124e8) 
thrown [t:\workspace\open\src\hotspot\share\classfile\systemDictionary.cpp, line 256]
Event: 3.991 Thread 0x0000021ddea17080 Exception <a 'java/lang/ClassNotFoundException'{0x0000000083b29860}: org/springframework/context/annotation/ConfigurationClassEnhancer$EnhancedConfigurationCustomizer> (0x0000000083b29860) 
thrown [t:\workspace\open\src\hotspot\share\classfile\systemDictionary.cpp, line 256]
Event: 3.992 Thread 0x0000021ddea17080 Exception <a 'java/lang/ClassNotFoundException'{0x0000000083b313f0}: org/springframework/beans/factory/BeanFactoryAwareCustomizer> (0x0000000083b313f0) 
thrown [t:\workspace\open\src\hotspot\share\classfile\systemDictionary.cpp, line 256]
Event: 3.994 Thread 0x0000021ddea17080 Exception <a 'java/lang/ClassNotFoundException'{0x0000000083b3a028}: org/springframework/beans/factory/AwareCustomizer> (0x0000000083b3a028) 
thrown [t:\workspace\open\src\hotspot\share\classfile\systemDictionary.cpp, line 256]
Event: 3.995 Thread 0x0000021ddea17080 Exception <a 'java/lang/ClassNotFoundException'{0x0000000083b42068}: org/springframework/security/config/annotation/web/WebSecurityConfigurerCustomizer> (0x0000000083b42068) 
thrown [t:\workspace\open\src\hotspot\share\classfile\systemDictionary.cpp, line 256]
Event: 3.996 Thread 0x0000021ddea17080 Exception <a 'java/lang/ClassNotFoundException'{0x0000000083b4a2d0}: org/springframework/security/config/annotation/SecurityConfigurerCustomizer> (0x0000000083b4a2d0) 
thrown [t:\workspace\open\src\hotspot\share\classfile\systemDictionary.cpp, line 256]
Event: 4.005 Thread 0x0000021ddea17080 Exception <a 'java/lang/ClassNotFoundException'{0x0000000083bd4230}: java/lang/ObjectCustomizer> (0x0000000083bd4230) 
thrown [t:\workspace\open\src\hotspot\share\classfile\systemDictionary.cpp, line 256]
Event: 4.007 Thread 0x0000021ddea17080 Exception <a 'java/lang/ClassNotFoundException'{0x0000000083be0fc0}: org/springframework/security/config/annotation/authentication/configuration/AuthenticationConfigurationCustomizer> (0x0000000083be0fc0) 
thrown [t:\workspace\open\src\hotspot\share\classfile\systemDictionary.cpp, line 256]
Event: 4.038 Thread 0x0000021ddea17080 Exception <a 'java/lang/ClassNotFoundException'{0x000000008398f3b0}: java/lang/ObjectCustomizer> (0x000000008398f3b0) 
thrown [t:\workspace\open\src\hotspot\share\classfile\systemDictionary.cpp, line 256]
Event: 4.039 Thread 0x0000021ddea17080 Exception <a 'java/lang/ClassNotFoundException'{0x000000008399b6b8}: org/springframework/web/servlet/config/annotation/WebMvcConfigurationSupportCustomizer> (0x000000008399b6b8) 
thrown [t:\workspace\open\src\hotspot\share\classfile\systemDictionary.cpp, line 256]
Event: 4.043 Thread 0x0000021ddea17080 Exception <a 'java/lang/ClassNotFoundException'{0x00000000839b3c70}: org/springframework/web/servlet/config/annotation/DelegatingWebMvcConfigurationCustomizer> (0x00000000839b3c70) 
thrown [t:\workspace\open\src\hotspot\share\classfile\systemDictionary.cpp, line 256]
Event: 4.046 Thread 0x0000021ddea17080 Exception <a 'java/lang/ClassNotFoundException'{0x00000000839c16a8}: org/springframework/boot/autoconfigure/web/servlet/WebMvcAutoConfiguration$EnableWebMvcConfigurationCustomizer> (0x00000000839c16a8) 
thrown [t:\workspace\open\src\hotspot\share\classfile\systemDictionary.cpp, line 256]
Event: 4.048 Thread 0x0000021ddea17080 Exception <a 'java/lang/ClassNotFoundException'{0x00000000839d8f48}: org/springframework/context/ResourceLoaderAwareCustomizer> (0x00000000839d8f48) 
thrown [t:\workspace\open\src\hotspot\share\classfile\systemDictionary.cpp, line 256]
Event: 4.049 Thread 0x0000021ddea17080 Exception <a 'java/lang/ClassNotFoundException'{0x00000000839e1e58}: org/springframework/beans/factory/AwareCustomizer> (0x00000000839e1e58) 
thrown [t:\workspace\open\src\hotspot\share\classfile\systemDictionary.cpp, line 256]
Event: 4.050 Thread 0x0000021ddea17080 Exception <a 'java/lang/ClassNotFoundException'{0x00000000839ea2d0}: org/springframework/context/ApplicationContextAwareCustomizer> (0x00000000839ea2d0) 
thrown [t:\workspace\open\src\hotspot\share\classfile\systemDictionary.cpp, line 256]
Event: 4.053 Thread 0x0000021ddea17080 Exception <a 'java/lang/ClassNotFoundException'{0x00000000839f3db0}: org/springframework/beans/factory/AwareCustomizer> (0x00000000839f3db0) 
thrown [t:\workspace\open\src\hotspot\share\classfile\systemDictionary.cpp, line 256]
Event: 4.054 Thread 0x0000021ddea17080 Exception <a 'java/lang/ClassNotFoundException'{0x00000000839fc200}: org/springframework/web/context/ServletContextAwareCustomizer> (0x00000000839fc200) 
thrown [t:\workspace\open\src\hotspot\share\classfile\systemDictionary.cpp, line 256]
Event: 4.055 Thread 0x0000021ddea17080 Exception <a 'java/lang/ClassNotFoundException'{0x0000000083805a20}: org/springframework/beans/factory/AwareCustomizer> (0x0000000083805a20) 
thrown [t:\workspace\open\src\hotspot\share\classfile\systemDictionary.cpp, line 256]

Events (20 events):
Event: 4.005 loading class java/lang/ObjectCustomizer
Event: 4.005 loading class java/lang/ObjectCustomizer done
Event: 4.005 loading class java/lang/ObjectCustomizer
Event: 4.005 loading class java/lang/ObjectCustomizer done
Event: 4.026 loading class java/time/DurationEditor
Event: 4.026 loading class java/time/DurationEditor done
Event: 4.028 loading class java/util/regex/Pattern$1
Event: 4.028 loading class java/util/regex/Pattern$1 done
Event: 4.037 loading class java/lang/ObjectCustomizer
Event: 4.037 loading class java/lang/ObjectCustomizer done
Event: 4.038 loading class java/lang/ObjectCustomizer
Event: 4.038 loading class java/lang/ObjectCustomizer done
Event: 4.071 loading class java/lang/AbstractMethodError
Event: 4.071 loading class java/lang/AbstractMethodError done
Event: 4.090 loading class java/util/concurrent/Executors$FinalizableDelegatedExecutorService
Event: 4.090 loading class java/util/concurrent/Executors$DelegatedExecutorService
Event: 4.090 loading class java/util/concurrent/Executors$DelegatedExecutorService done
Event: 4.090 loading class java/util/concurrent/Executors$FinalizableDelegatedExecutorService done
Event: 4.090 Thread 0x0000021ddea155f0 Thread added: 0x0000021ddea155f0
Event: 4.123 Executing  VM operation: G1CollectForAllocation


Dynamic libraries:
0x00007ff751890000 - 0x00007ff75189e000 	C:\Users\caioc\Downloads\dfgdf\sts-4.11.0.RELEASE\plugins\org.eclipse.justj.openjdk.hotspot.jre.full.win32.x86_64_16.0.1.v20210528-1205\jre\bin\javaw.exe
0x00007ff9f1570000 - 0x00007ff9f1765000 	C:\WINDOWS\SYSTEM32\ntdll.dll
0x00007ff9f0760000 - 0x00007ff9f081d000 	C:\WINDOWS\System32\KERNEL32.DLL
0x00007ff9ef0e0000 - 0x00007ff9ef3a9000 	C:\WINDOWS\System32\KERNELBASE.dll
0x00007ff9eee80000 - 0x00007ff9eef80000 	C:\WINDOWS\System32\ucrtbase.dll
0x00007ff9e6d30000 - 0x00007ff9e6d48000 	C:\Users\caioc\Downloads\dfgdf\sts-4.11.0.RELEASE\plugins\org.eclipse.justj.openjdk.hotspot.jre.full.win32.x86_64_16.0.1.v20210528-1205\jre\bin\jli.dll
0x00007ff9f0d90000 - 0x00007ff9f0f30000 	C:\WINDOWS\System32\USER32.dll
0x00007ff9eee50000 - 0x00007ff9eee72000 	C:\WINDOWS\System32\win32u.dll
0x00007ff9f0b80000 - 0x00007ff9f0baa000 	C:\WINDOWS\System32\GDI32.dll
0x00007ff9eeca0000 - 0x00007ff9eedab000 	C:\WINDOWS\System32\gdi32full.dll
0x00007ff9eedb0000 - 0x00007ff9eee4d000 	C:\WINDOWS\System32\msvcp_win.dll
0x00007ff9d9090000 - 0x00007ff9d90a9000 	C:\Users\caioc\Downloads\dfgdf\sts-4.11.0.RELEASE\plugins\org.eclipse.justj.openjdk.hotspot.jre.full.win32.x86_64_16.0.1.v20210528-1205\jre\bin\VCRUNTIME140.dll
0x00007ff9d9790000 - 0x00007ff9d9a2a000 	C:\WINDOWS\WinSxS\amd64_microsoft.windows.common-controls_6595b64144ccf1df_6.0.19041.1110_none_60b5254171f9507e\COMCTL32.dll
0x00007ff9f0620000 - 0x00007ff9f06be000 	C:\WINDOWS\System32\msvcrt.dll
0x00007ff9ef970000 - 0x00007ff9ef9a0000 	C:\WINDOWS\System32\IMM32.DLL
0x00007ff9e76d0000 - 0x00007ff9e76dc000 	C:\Users\caioc\Downloads\dfgdf\sts-4.11.0.RELEASE\plugins\org.eclipse.justj.openjdk.hotspot.jre.full.win32.x86_64_16.0.1.v20210528-1205\jre\bin\vcruntime140_1.dll
0x00007ff9d8690000 - 0x00007ff9d8721000 	C:\Users\caioc\Downloads\dfgdf\sts-4.11.0.RELEASE\plugins\org.eclipse.justj.openjdk.hotspot.jre.full.win32.x86_64_16.0.1.v20210528-1205\jre\bin\msvcp140.dll
0x00007ff9a7c90000 - 0x00007ff9a883b000 	C:\Users\caioc\Downloads\dfgdf\sts-4.11.0.RELEASE\plugins\org.eclipse.justj.openjdk.hotspot.jre.full.win32.x86_64_16.0.1.v20210528-1205\jre\bin\server\jvm.dll
0x00007ff9f0f30000 - 0x00007ff9f0fdc000 	C:\WINDOWS\System32\ADVAPI32.dll
0x00007ff9f00e0000 - 0x00007ff9f017b000 	C:\WINDOWS\System32\sechost.dll
0x00007ff9ef5e0000 - 0x00007ff9ef70a000 	C:\WINDOWS\System32\RPCRT4.dll
0x00007ff9f0750000 - 0x00007ff9f0758000 	C:\WINDOWS\System32\PSAPI.DLL
0x00007ff9e9a50000 - 0x00007ff9e9a59000 	C:\WINDOWS\SYSTEM32\WSOCK32.dll
0x00007ff9dcca0000 - 0x00007ff9dccc7000 	C:\WINDOWS\SYSTEM32\WINMM.dll
0x00007ff9ea960000 - 0x00007ff9ea96a000 	C:\WINDOWS\SYSTEM32\VERSION.dll
0x00007ff9f1120000 - 0x00007ff9f118b000 	C:\WINDOWS\System32\WS2_32.dll
0x00007ff9ecbb0000 - 0x00007ff9ecbc2000 	C:\WINDOWS\SYSTEM32\kernel.appcore.dll
0x00007ff9e9e90000 - 0x00007ff9e9e9a000 	C:\Users\caioc\Downloads\dfgdf\sts-4.11.0.RELEASE\plugins\org.eclipse.justj.openjdk.hotspot.jre.full.win32.x86_64_16.0.1.v20210528-1205\jre\bin\jimage.dll
0x00007ff9e8c10000 - 0x00007ff9e8df4000 	C:\WINDOWS\SYSTEM32\DBGHELP.DLL
0x00007ff9e8860000 - 0x00007ff9e888c000 	C:\WINDOWS\SYSTEM32\dbgcore.DLL
0x00007ff9ef540000 - 0x00007ff9ef5c3000 	C:\WINDOWS\System32\bcryptPrimitives.dll
0x00007ff9d90b0000 - 0x00007ff9d90d5000 	C:\Users\caioc\Downloads\dfgdf\sts-4.11.0.RELEASE\plugins\org.eclipse.justj.openjdk.hotspot.jre.full.win32.x86_64_16.0.1.v20210528-1205\jre\bin\java.dll
0x00007ff9e6330000 - 0x00007ff9e6348000 	C:\Users\caioc\Downloads\dfgdf\sts-4.11.0.RELEASE\plugins\org.eclipse.justj.openjdk.hotspot.jre.full.win32.x86_64_16.0.1.v20210528-1205\jre\bin\zip.dll
0x00007ff9ef9a0000 - 0x00007ff9f00df000 	C:\WINDOWS\System32\SHELL32.dll
0x00007ff9ecdb0000 - 0x00007ff9ed540000 	C:\WINDOWS\SYSTEM32\windows.storage.dll
0x00007ff9f0820000 - 0x00007ff9f0b75000 	C:\WINDOWS\System32\combase.dll
0x00007ff9ee700000 - 0x00007ff9ee72c000 	C:\WINDOWS\SYSTEM32\Wldp.dll
0x00007ff9ef710000 - 0x00007ff9ef7be000 	C:\WINDOWS\System32\SHCORE.dll
0x00007ff9f0c10000 - 0x00007ff9f0c65000 	C:\WINDOWS\System32\shlwapi.dll
0x00007ff9eebe0000 - 0x00007ff9eebff000 	C:\WINDOWS\SYSTEM32\profapi.dll
0x00007ff9e6180000 - 0x00007ff9e6199000 	C:\Users\caioc\Downloads\dfgdf\sts-4.11.0.RELEASE\plugins\org.eclipse.justj.openjdk.hotspot.jre.full.win32.x86_64_16.0.1.v20210528-1205\jre\bin\net.dll
0x00007ff9e7370000 - 0x00007ff9e7478000 	C:\WINDOWS\SYSTEM32\WINHTTP.dll
0x00007ff9ee3f0000 - 0x00007ff9ee45a000 	C:\WINDOWS\system32\mswsock.dll
0x00007ff9e5b20000 - 0x00007ff9e5b33000 	C:\Users\caioc\Downloads\dfgdf\sts-4.11.0.RELEASE\plugins\org.eclipse.justj.openjdk.hotspot.jre.full.win32.x86_64_16.0.1.v20210528-1205\jre\bin\nio.dll
0x00007ff9e60d0000 - 0x00007ff9e60d9000 	C:\Users\caioc\Downloads\dfgdf\sts-4.11.0.RELEASE\plugins\org.eclipse.justj.openjdk.hotspot.jre.full.win32.x86_64_16.0.1.v20210528-1205\jre\bin\management.dll
0x00007ff9e4b90000 - 0x00007ff9e4b9b000 	C:\Users\caioc\Downloads\dfgdf\sts-4.11.0.RELEASE\plugins\org.eclipse.justj.openjdk.hotspot.jre.full.win32.x86_64_16.0.1.v20210528-1205\jre\bin\management_ext.dll
0x00007ff9d7e70000 - 0x00007ff9d7e87000 	C:\WINDOWS\system32\napinsp.dll
0x00007ff9d4da0000 - 0x00007ff9d4dbb000 	C:\WINDOWS\system32\pnrpnsp.dll
0x00007ff9ea440000 - 0x00007ff9ea455000 	C:\WINDOWS\system32\wshbth.dll
0x00007ff9e97c0000 - 0x00007ff9e97dd000 	C:\WINDOWS\system32\NLAapi.dll
0x00007ff9ee080000 - 0x00007ff9ee0bb000 	C:\WINDOWS\SYSTEM32\IPHLPAPI.DLL
0x00007ff9ee0c0000 - 0x00007ff9ee18c000 	C:\WINDOWS\SYSTEM32\DNSAPI.dll
0x00007ff9f0740000 - 0x00007ff9f0748000 	C:\WINDOWS\System32\NSI.dll
0x00007ff9d4040000 - 0x00007ff9d4052000 	C:\WINDOWS\System32\winrnr.dll
0x00007ff9e6000000 - 0x00007ff9e600a000 	C:\Windows\System32\rasadhlp.dll
0x00007ff9e6f80000 - 0x00007ff9e6fff000 	C:\WINDOWS\System32\fwpuclnt.dll
0x00007ff9ef3b0000 - 0x00007ff9ef3d7000 	C:\WINDOWS\System32\bcrypt.dll
0x00007ff9ee5f0000 - 0x00007ff9ee608000 	C:\WINDOWS\SYSTEM32\CRYPTSP.dll
0x00007ff9edd10000 - 0x00007ff9edd44000 	C:\WINDOWS\system32\rsaenh.dll
0x00007ff9eeba0000 - 0x00007ff9eebce000 	C:\WINDOWS\SYSTEM32\USERENV.dll
0x00007ff9ee5e0000 - 0x00007ff9ee5ec000 	C:\WINDOWS\SYSTEM32\CRYPTBASE.dll
0x00007ff9e86f0000 - 0x00007ff9e8707000 	C:\WINDOWS\SYSTEM32\dhcpcsvc6.DLL
0x00007ff9e8830000 - 0x00007ff9e884d000 	C:\WINDOWS\SYSTEM32\dhcpcsvc.DLL
0x00007ff9e99f0000 - 0x00007ff9e9a00000 	C:\Users\caioc\Downloads\dfgdf\sts-4.11.0.RELEASE\plugins\org.eclipse.justj.openjdk.hotspot.jre.full.win32.x86_64_16.0.1.v20210528-1205\jre\bin\verify.dll

dbghelp: loaded successfully - version: 4.0.5 - missing functions: none
symbol engine: initialized successfully - sym options: 0x614 - pdb path: .;C:\Users\caioc\Downloads\dfgdf\sts-4.11.0.RELEASE\plugins\org.eclipse.justj.openjdk.hotspot.jre.full.win32.x86_64_16.0.1.v20210528-1205\jre\bin;C:\WINDOWS\SYSTEM32;C:\WINDOWS\WinSxS\amd64_microsoft.windows.common-controls_6595b64144ccf1df_6.0.19041.1110_none_60b5254171f9507e;C:\Users\caioc\Downloads\dfgdf\sts-4.11.0.RELEASE\plugins\org.eclipse.justj.openjdk.hotspot.jre.full.win32.x86_64_16.0.1.v20210528-1205\jre\bin\server

VM Arguments:
jvm_args: -Dcom.sun.management.jmxremote -Dcom.sun.management.jmxremote.port=55242 -Dcom.sun.management.jmxremote.authenticate=false -Dcom.sun.management.jmxremote.ssl=false -Djava.rmi.server.hostname=localhost -Dspring.jmx.enabled=true -Dspring.application.admin.enabled=true -XX:TieredStopAtLevel=1 -Dspring.boot.project.name=BancoAPIVespertino -Dfile.encoding=UTF-8 -XX:+ShowCodeDetailsInExceptionMessages 
java_command: com.example.demo.BancoApiApplication --spring.output.ansi.enabled=always
java_class_path (initial): C:\Users\caioc\git\BancoAPIVespertino\target\classes;C:\Users\caioc\.m2\repository\org\springframework\boot\spring-boot-starter-web\2.5.2\spring-boot-starter-web-2.5.2.jar;C:\Users\caioc\.m2\repository\org\springframework\boot\spring-boot-starter\2.5.2\spring-boot-starter-2.5.2.jar;C:\Users\caioc\.m2\repository\org\springframework\boot\spring-boot-starter-logging\2.5.2\spring-boot-starter-logging-2.5.2.jar;C:\Users\caioc\.m2\repository\ch\qos\logback\logback-classic\1.2.3\logback-classic-1.2.3.jar;C:\Users\caioc\.m2\repository\ch\qos\logback\logback-core\1.2.3\logback-core-1.2.3.jar;C:\Users\caioc\.m2\repository\org\apache\logging\log4j\log4j-to-slf4j\2.14.1\log4j-to-slf4j-2.14.1.jar;C:\Users\caioc\.m2\repository\org\apache\logging\log4j\log4j-api\2.14.1\log4j-api-2.14.1.jar;C:\Users\caioc\.m2\repository\org\slf4j\jul-to-slf4j\1.7.31\jul-to-slf4j-1.7.31.jar;C:\Users\caioc\.m2\repository\jakarta\annotation\jakarta.annotation-api\1.3.5\jakarta.annotation-api-1.3.5.jar;C:\Users\caioc\.m2\repository\org\yaml\snakeyaml\1.28\snakeyaml-1.28.jar;C:\Users\caioc\.m2\repository\org\springframework\boot\spring-boot-starter-json\2.5.2\spring-boot-starter-json-2.5.2.jar;C:\Users\caioc\.m2\repository\com\fasterxml\jackson\datatype\jackson-datatype-jdk8\2.12.3\jackson-datatype-jdk8-2.12.3.jar;C:\Users\caioc\.m2\repository\com\fasterxml\jackson\datatype\jackson-datatype-jsr310\2.12.3\jackson-datatype-jsr310-2.12.3.jar;C:\Users\caioc\.m2\repository\com\fasterxml\jackson\module\jackson-module-parameter-names\2.12.3\jackson-module-parameter-names-2.12.3.jar;C:\Users\caioc\.m2\repository\org\springframework\boot\spring-boot-starter-tomcat\2.5.2\spring-boot-starter-tomcat-2.5.2.jar;C:\Users\caioc\.m2\repository\org\apache\tomcat\embed\tomcat-embed-core\9.0.48\tomcat-embed-core-9.0.48.jar;C:\Users\caioc\.m2\repository\org\apache\tomcat\embed\tomcat-embed-el\9.0.48\tomcat-embed-el-9.0.48.jar;C:\Users\caioc\.m2\repository\org\apache\tomcat\embed\tomcat-embed-web
Launcher Type: SUN_STANDARD

[Global flags]
     intx CICompilerCount                          = 3                                         {product} {ergonomic}
     uint ConcGCThreads                            = 1                                         {product} {ergonomic}
     uint G1ConcRefinementThreads                  = 4                                         {product} {ergonomic}
   size_t G1HeapRegionSize                         = 1048576                                   {product} {ergonomic}
    uintx GCDrainStackTargetSize                   = 64                                        {product} {ergonomic}
   size_t InitialHeapSize                          = 134217728                                 {product} {ergonomic}
     bool ManagementServer                         = true                                      {product} {command line}
   size_t MarkStackSize                            = 4194304                                   {product} {ergonomic}
   size_t MaxHeapSize                              = 2126512128                                {product} {ergonomic}
   size_t MaxNewSize                               = 1275068416                                {product} {ergonomic}
   size_t MinHeapDeltaBytes                        = 1048576                                   {product} {ergonomic}
   size_t MinHeapSize                              = 8388608                                   {product} {ergonomic}
    uintx NonNMethodCodeHeapSize                   = 6973028                                {pd product} {ergonomic}
    uintx NonProfiledCodeHeapSize                  = 244685212                              {pd product} {ergonomic}
    uintx ProfiledCodeHeapSize                     = 0                                      {pd product} {ergonomic}
    uintx ReservedCodeCacheSize                    = 251658240                              {pd product} {ergonomic}
     bool SegmentedCodeCache                       = true                                      {product} {ergonomic}
     bool ShowCodeDetailsInExceptionMessages       = true                                   {manageable} {command line}
   size_t SoftMaxHeapSize                          = 2126512128                             {manageable} {ergonomic}
     intx TieredStopAtLevel                        = 1                                         {product} {command line}
     bool UseCompressedClassPointers               = true                           {product lp64_product} {ergonomic}
     bool UseCompressedOops                        = true                           {product lp64_product} {ergonomic}
     bool UseG1GC                                  = true                                      {product} {ergonomic}
     bool UseLargePagesIndividualAllocation        = false                                  {pd product} {ergonomic}

Logging:
Log output configuration:
 #0: stdout all=warning uptime,level,tags
 #1: stderr all=off uptime,level,tags

Environment Variables:
PATH=C:/Users/caioc/Downloads/dfgdf/sts-4.11.0.RELEASE//plugins/org.eclipse.justj.openjdk.hotspot.jre.full.win32.x86_64_16.0.1.v20210528-1205/jre/bin/server;C:/Users/caioc/Downloads/dfgdf/sts-4.11.0.RELEASE//plugins/org.eclipse.justj.openjdk.hotspot.jre.full.win32.x86_64_16.0.1.v20210528-1205/jre/bin;C:\Program Files (x86)\Intel\iCLS Client\;C:\Program Files (x86)\Common Files\Oracle\Java\javapath;C:\Program Files\Intel\iCLS Client\;C:\WINDOWS\system32;C:\WINDOWS;C:\WINDOWS\System32\Wbem;C:\WINDOWS\System32\WindowsPowerShell\v1.0\;C:\WINDOWS\System32\OpenSSH\;C:\Program Files\Microsoft SQL Server\Client SDK\ODBC\110\Tools\Binn\;C:\Program Files (x86)\Microsoft SQL Server\120\Tools\Binn\;C:\Program Files\Microsoft SQL Server\120\Tools\Binn\;C:\Program Files\Microsoft SQL Server\120\DTS\Binn\;C:\Program Files (x86)\Windows Kits\8.1\Windows Performance Toolkit\;C:\Program Files\nodejs\;C:\Program Files\Git\cmd;C:\Program Files (x86)\Intel\Intel(R) Management Engine Components\DAL;C:\Program Files\Intel\Intel(R) Management Engine Components\DAL;C:\Users\caioc\AppData\Local\Microsoft\WindowsApps;%DASHLANE_DLL_DIR%;C:\Users\caioc\AppData\Roaming\npm;C:\Users\caioc\AppData\Local\Programs\Microsoft VS Code\bin;;C:\Users\caioc\Downloads\dfgdf\sts-4.11.0.RELEASE;
USERNAME=Andrei
OS=Windows_NT
PROCESSOR_IDENTIFIER=Intel64 Family 6 Model 142 Stepping 9, GenuineIntel



---------------  S Y S T E M  ---------------

OS:
 Windows 10 , 64 bit Build 19041 (10.0.19041.1151)
OS uptime: 3 days 14:25 hours

CPU: total 4 (initial active 4) (2 cores per cpu, 2 threads per core) family 6 model 142 stepping 9 microcode 0xb4, cx8, cmov, fxsr, ht, mmx, 3dnowpref, sse, sse2, sse3, ssse3, sse4.1, sse4.2, popcnt, lzcnt, tsc, tscinvbit, avx, avx2, aes, erms, clmul, bmi1, bmi2, adx, fma, vzeroupper, clflush, clflushopt

Memory: 4k page, system-wide physical 8105M (482M free)
TotalPageFile size 8105M (AvailPageFile size 13M)
current process WorkingSet (physical memory assigned to process): 156M, peak: 156M
current process commit charge ("private bytes"): 258M, peak: 307M

vm_info: OpenJDK 64-Bit Server VM (16.0.1+9-24) for windows-amd64 JRE (16.0.1+9-24), built on Mar 26 2021 19:30:07 by "mach5one" with MS VC++ 16.7 (VS2019)

END.
